2022.05.25 15:04:21 Носов Петрушка Евгеньевич авторизовался в системе.
2022.05.25 15:16:10 Носов Петрушка Евгеньевич вышел из системы.
2022.05.25 15:16:35 Носов Петрушка Евгеньевич авторизовался в системе.
2022.05.25 15:27:23 Носов Петрушка Евгеньевич удалил разрешение № 373
2022.05.25 15:29:08 Носов Петрушка Евгеньевич создал разрешение № 375
2022.05.25 16:02:00 Носов Петрушка Евгеньевич вышел из системы  
2022.05.25 16:02:14 Дмитрий Чухломин Валерьевич авторизовался в системе  
2022.05.25 16:02:19 Дмитрий Чухломин Валерьевич вышел из системы  
2022.05.25 16:02:35 Носов Петрушка Евгеньевич авторизовался в системе  
2022.05.25 16:02:54 Носов Петрушка Евгеньевич создал разрешение № 376 
2022.05.25 16:03:00 Носов Петрушка Евгеньевич удалил разрешение № 376 
2022.05.25 16:03:02 Носов Петрушка Евгеньевич создал разрешение № 377 
2022.05.25 16:03:07 Носов Петрушка Евгеньевич изменил статус разрешения № 377 на ''
2022.05.25 16:03:10 Носов Петрушка Евгеньевич изменил статус разрешения № 377 на ''
2022.05.25 16:03:13 Носов Петрушка Евгеньевич вышел из системы  
2022.05.25 16:03:19 Иван Иванов Иванович авторизовался в системе  
2022.05.25 16:04:29 Иван Иванов Иванович вышел из системы  
2022.05.25 16:04:39 Дмитрий Игнетьев Дмитриевич авторизовался в системе  
2022.05.25 16:13:23 Дмитрий Игнетьев Дмитриевич вышел из системы  
2022.05.25 16:13:32 Носов Петрушка Евгеньевич авторизовался в системе  
2022.05.25 16:15:55 Носов Петрушка Евгеньевич изменил статус разрешения № 375 на 'Согласование'
2022.05.25 16:16:12 Носов Петрушка Евгеньевич изменил статус разрешения № 375 на 'Создание'
2022.05.25 16:21:30 Носов Петрушка Евгеньевич выгрузил в pdf разрешение № 377 
2022.05.25 16:21:46 Носов Петрушка Евгеньевич вышел из системы  
2022.05.25 16:21:51 Иван Иванов Иванович авторизовался в системе  
2022.05.25 16:21:55 Иван Иванов Иванович выгрузил в scv разрешение № 377  
2022.05.25 16:22:55 Иван Иванов Иванович вышел из системы  
2022.05.25 16:23:00 Носов Петрушка Евгеньевич авторизовался в системе  
2022.05.25 16:23:04 Носов Петрушка Евгеньевич изменил статус разрешения № 374 на 'Согласование'
2022.05.25 16:23:08 Носов Петрушка Евгеньевич изменил статус разрешения № 374 на 'Утверждено'
2022.05.25 16:23:09 Носов Петрушка Евгеньевич вышел из системы  
2022.05.25 16:23:15 Иван Иванов Иванович авторизовался в системе  
2022.05.25 16:23:23 Иван Иванов Иванович выгрузил в scv разрешения № 374, № 377,  
2022.05.25 16:24:59 Иван Иванов Иванович выгрузил в scv разрешения №374№377 
2022.05.25 16:25:31 Иван Иванов Иванович выгрузил в scv разрешения №374 №377  
2022.05.25 16:26:38 Иван Иванов Иванович вышел из системы  
2022.05.25 16:30:17 Носов Петрушка Евгеньевич авторизовался в системе  
2022.05.25 16:30:21 Носов Петрушка Евгеньевич выгрузил в pdf разрешение №374 
2022.05.25 16:48:32 Носов Петрушка Евгеньевич выгрузил в pdf разрешение №375 
2022.05.25 16:49:08 Носов Петрушка Евгеньевич выгрузил в pdf разрешение №375 
2022.05.25 17:00:23 Носов Петрушка Евгеньевич выгрузил в pdf разрешение №375 
2022.05.25 17:01:17 Носов Петрушка Евгеньевич выгрузил в pdf разрешение №375 
2022.05.25 17:02:36 Носов Петрушка Евгеньевич выгрузил в pdf разрешение №375 
2022.05.25 17:12:47 Носов Петрушка Евгеньевич выгрузил в pdf разрешение №375 
2022.05.25 17:16:59 Носов Петрушка Евгеньевич выгрузил в pdf разрешение №375 
2022.05.25 17:17:12 Носов Петрушка Евгеньевич выгрузил в pdf разрешение №375 
2022.05.25 17:17:15 Носов Петрушка Евгеньевич выгрузил в pdf разрешение №375 
2022.05.25 17:21:03 Носов Петрушка Евгеньевич выгрузил в pdf разрешение №375 
2022.05.25 17:21:17 Носов Петрушка Евгеньевич выгрузил в pdf разрешение №375 
2022.05.25 17:21:43 Носов Петрушка Евгеньевич выгрузил в pdf разрешение №375 
2022.05.25 17:22:15 Носов Петрушка Евгеньевич изменил статус разрешения № 374 на 'Согласование'
2022.05.25 17:22:17 Носов Петрушка Евгеньевич изменил статус разрешения № 374 на 'Создание'
2022.05.25 17:22:27 Носов Петрушка Евгеньевич создал разрешение №378 
2022.05.25 17:26:32 Носов Петрушка Евгеньевич выгрузил в pdf разрешение №378 
2022.05.25 17:26:44 Носов Петрушка Евгеньевич выгрузил в pdf разрешение №378 
2022.05.25 17:26:58 Носов Петрушка Евгеньевич выгрузил в pdf разрешение №378 
2022.05.25 17:27:36 Носов Петрушка Евгеньевич выгрузил в pdf разрешение №378 
2022.05.25 17:29:01 Носов Петрушка Евгеньевич выгрузил в pdf разрешение №378 
2022.05.25 17:29:45 Носов Петрушка Евгеньевич выгрузил в pdf разрешение №378 
2022.05.25 17:30:50 Носов Петрушка Евгеньевич выгрузил в pdf разрешение №378 
2022.05.25 17:31:00 Носов Петрушка Евгеньевич выгрузил в pdf разрешение №378 
2022.05.25 17:32:58 Носов Петрушка Евгеньевич выгрузил в pdf разрешение №378 
2022.05.25 17:36:27 Носов Петрушка Евгеньевич выгрузил в pdf разрешение №378 
2022.05.25 17:36:38 Носов Петрушка Евгеньевич выгрузил в pdf разрешение №378 
2022.05.25 17:36:58 Носов Петрушка Евгеньевич выгрузил в pdf разрешение №378 
2022.05.25 17:37:39 Носов Петрушка Евгеньевич выгрузил в pdf разрешение №378 
2022.05.25 17:37:54 Носов Петрушка Евгеньевич выгрузил в pdf разрешение №378 
2022.05.25 17:38:25 Носов Петрушка Евгеньевич выгрузил в pdf разрешение №378 
2022.05.25 17:38:38 Носов Петрушка Евгеньевич вышел из системы  
2022.05.25 17:38:50 Дмитрий Чухломин Валерьевич авторизовался в системе  
2022.05.25 17:38:54 Дмитрий Чухломин Валерьевич вышел из системы  
2022.05.25 17:39:00 Иван Иванов Иванович авторизовался в системе  
2022.05.25 17:39:09 Иван Иванов Иванович изменил статус разрешения № 377 на 'Открыто'
2022.05.25 17:39:11 Иван Иванов Иванович вышел из системы  
2022.05.25 17:39:26 Дмитрий Чухломин Валерьевич авторизовался в системе  
2022.05.25 18:11:05 Дмитрий Чухломин Валерьевич вышел из системы  
2022.05.25 18:11:10 Носов Петрушка Евгеньевич авторизовался в системе  
2022.05.25 18:11:15 Носов Петрушка Евгеньевич выгрузил в pdf разрешение №377 
2022.05.25 18:11:44 Носов Петрушка Евгеньевич выгрузил в pdf разрешение №378 
2022.05.25 20:54:44 Носов Петрушка Евгеньевич авторизовался в системе  
2022.05.25 20:54:59 Носов Петрушка Евгеньевич создал разрешение №379 
2022.05.25 20:55:11 Носов Петрушка Евгеньевич удалил разрешение №379 
2022.05.25 20:56:24 Носов Петрушка Евгеньевич создал разрешение №380 
2022.05.25 20:57:33 Носов Петрушка Евгеньевич изменил статус разрешения № 380 на 'Согласование'
2022.05.25 20:57:49 Носов Петрушка Евгеньевич изменил статус разрешения № 380 на 'Утверждено'
2022.05.25 20:58:20 Носов Петрушка Евгеньевич выгрузил в pdf разрешение №380 
2022.05.25 20:59:28 Носов Петрушка Евгеньевич вышел из системы  
2022.05.25 20:59:44 Иван Иванов Иванович авторизовался в системе  
2022.05.25 20:59:58 Иван Иванов Иванович изменил статус разрешения № 380 на 'Открыто'
2022.05.25 21:00:04 Иван Иванов Иванович изменил статус разрешения № 380 на 'Приостановлено'
2022.05.25 21:00:16 Иван Иванов Иванович изменил статус разрешения № 380 на 'Закрыто'
2022.05.25 21:00:21 Иван Иванов Иванович изменил статус разрешения № 380 на 'Завершено'
2022.05.25 21:00:35 Иван Иванов Иванович выгрузил в scv разрешения №380  
2022.05.25 21:03:49 Иван Иванов Иванович вышел из системы  
2022.05.25 21:03:55 Носов Петрушка Евгеньевич авторизовался в системе  
2022.05.25 21:04:26 Носов Петрушка Евгеньевич выгрузил в pdf разрешение №378 
2022.05.25 21:34:13 Носов Петрушка Евгеньевич вышел из системы  
2022.05.25 21:34:23 Иван Иванов Иванович авторизовался в системе  
2022.05.25 21:34:29 Иван Иванов Иванович изменил статус разрешения № 377 на 'Требуется маскирование'
2022.05.25 21:34:46 Иван Иванов Иванович вышел из системы  
2022.05.25 21:35:02 Дмитрий Чухломин Валерьевич авторизовался в системе  
2022.05.25 21:35:08 Дмитрий Чухломин Валерьевич вышел из системы  
2022.05.25 21:35:18 Носов Петрушка Евгеньевич авторизовался в системе  
2022.05.25 21:35:23 Носов Петрушка Евгеньевич создал разрешение №381 
2022.05.25 21:35:37 Носов Петрушка Евгеньевич выгрузил в pdf разрешение №377 
2022.05.25 21:36:09 Носов Петрушка Евгеньевич создал разрешение №382 
2022.05.25 21:36:25 Носов Петрушка Евгеньевич изменил статус разрешения № 382 на 'Согласование'
2022.05.25 21:36:30 Носов Петрушка Евгеньевич изменил статус разрешения № 382 на 'Создание'
2022.05.25 21:36:49 Носов Петрушка Евгеньевич изменил статус разрешения № 382 на 'Согласование'
2022.05.25 21:36:53 Носов Петрушка Евгеньевич изменил статус разрешения № 382 на 'Утверждено'
2022.05.25 21:36:56 Носов Петрушка Евгеньевич вышел из системы  
2022.05.25 21:37:02 Иван Иванов Иванович авторизовался в системе  
2022.05.25 21:37:06 Иван Иванов Иванович изменил статус разрешения № 382 на 'Требуется маскирование'
2022.05.25 21:37:11 Иван Иванов Иванович вышел из системы  
2022.05.25 21:37:20 Дмитрий Чухломин Валерьевич авторизовался в системе  
2022.05.25 21:45:13 Дмитрий Чухломин Валерьевич изменил статус разрешения № 382 на 'Замаскировано'
2022.05.25 21:45:16 Дмитрий Чухломин Валерьевич вышел из системы  
2022.05.25 21:45:27 Дмитрий Игнетьев Дмитриевич авторизовался в системе  
2022.05.25 21:45:41 Дмитрий Игнетьев Дмитриевич изменил статус разрешения № 382 на 'Маскирование проверено'
2022.05.25 21:45:45 Дмитрий Игнетьев Дмитриевич вышел из системы  
2022.05.25 21:45:56 Дмитрий Чухломин Валерьевич авторизовался в системе  
2022.05.25 21:46:28 Дмитрий Чухломин Валерьевич изменил статус разрешения № 382 на 'Замаскировано'
2022.05.25 21:46:31 Дмитрий Чухломин Валерьевич вышел из системы  
2022.05.25 21:46:53 Дмитрий Чухломин Валерьевич авторизовался в системе  
2022.05.25 21:46:59 Дмитрий Чухломин Валерьевич вышел из системы  
2022.05.25 21:47:12 Дмитрий Игнетьев Дмитриевич авторизовался в системе  
2022.05.25 21:47:17 Дмитрий Игнетьев Дмитриевич изменил статус разрешения № 382 на 'Маскирование проверено'
2022.05.25 21:52:09 Дмитрий Игнетьев Дмитриевич вышел из системы  
2022.05.25 21:52:15 Иван Иванов Иванович авторизовался в системе  
2022.05.25 21:52:35 Иван Иванов Иванович изменил статус разрешения № 382 на 'Работы начаты'
2022.05.25 21:54:06 Иван Иванов Иванович изменил статус разрешения № 382 на 'Работы закончены'
2022.05.25 21:57:02 Иван Иванов Иванович изменил статус разрешения № 377 на 'Приостановлено'
2022.05.25 21:59:16 Иван Иванов Иванович изменил статус разрешения № 377 на 'Работы закончены'
2022.05.25 22:04:20 Иван Иванов Иванович изменил статус разрешения № 377 на 'Закрыто'
2022.05.25 22:26:31 Иван Иванов Иванович изменил статус разрешения № 382 на 'Работы начаты'
2022.05.26 00:13:01 Иван Иванов Иванович вышел из системы  
2022.05.26 00:13:10 Носов Петрушка Евгеньевич авторизовался в системе  
2022.05.26 00:15:13 Носов Петрушка Евгеньевич вышел из системы  
2022.05.26 00:15:24 Носов Петрушка Евгеньевич авторизовался в системе  
2022.05.26 00:16:27 Носов Петрушка Евгеньевич вышел из системы  
2022.05.26 00:16:42 Иван Иванов Иванович авторизовался в системе  
2022.05.26 00:16:53 Иван Иванов Иванович изменил статус разрешения № 377 на 'Работы начаты'
2022.05.26 01:09:19 Иван Иванов Иванович вышел из системы  
2022.05.26 01:09:25 Носов Петрушка Евгеньевич авторизовался в системе  
2022.05.26 01:19:14 Носов Петрушка Евгеньевич выгрузил в pdf разрешение №382 
2022.05.26 01:19:25 Носов Петрушка Евгеньевич выгрузил в pdf разрешение №377 
2022.05.26 01:19:44 Носов Петрушка Евгеньевич выгрузил в pdf разрешение №381 
2022.05.26 10:15:00 Носов Петрушка Евгеньевич авторизовался в системе  
2022.05.26 10:17:12 Носов Петрушка Евгеньевич выгрузил в pdf разрешение №377 
2022.05.26 10:18:31 Носов Петрушка Евгеньевич выгрузил в pdf разрешение №377 
2022.05.26 10:19:32 Носов Петрушка Евгеньевич выгрузил в pdf разрешение №377 
2022.05.26 10:19:44 Носов Петрушка Евгеньевич выгрузил в pdf разрешение №377 
2022.05.26 10:19:54 Носов Петрушка Евгеньевич выгрузил в pdf разрешение №377 
2022.05.26 10:20:24 Носов Петрушка Евгеньевич выгрузил в pdf разрешение №381 
2022.05.26 10:20:40 Носов Петрушка Евгеньевич выгрузил в pdf разрешение №377 
2022.05.26 10:21:14 Носов Петрушка Евгеньевич выгрузил в pdf разрешение №377 
2022.05.26 10:25:49 Носов Петрушка Евгеньевич выгрузил в pdf разрешение №381 
2022.05.26 10:29:04 Носов Петрушка Евгеньевич создал разрешение №383 
2022.05.26 15:40:33 Носов Петрушка Евгеньевич авторизовался в системе  
2022.05.26 15:42:48 Носов Петрушка Евгеньевич авторизовался в системе  
2022.05.26 16:23:34 Носов Петрушка Евгеньевич авторизовался в системе  
2022.05.26 16:23:40 Носов Петрушка Евгеньевич авторизовался в системе  
2022.05.26 16:23:43 Носов Петрушка Евгеньевич вышел из системы  
2022.05.26 16:40:51 Носов Петрушка Евгеньевич авторизовался в системе  
2022.05.30 11:13:29 Иван Иванов Иванович авторизовался в системе  
2022.05.30 11:13:36 Иван Иванов Иванович авторизовался в системе  
2022.05.30 11:13:41 Иван Иванов Иванович вышел из системы  
2022.05.30 11:13:55 Носов Петрушка Евгеньевич авторизовался в системе  
2022.05.30 11:16:34 Носов Петрушка Евгеньевич создал разрешение №383 
2022.05.30 11:16:39 Носов Петрушка Евгеньевич удалил разрешение №383 
2022.05.30 11:25:23 Носов Петрушка Евгеньевич изменил статус разрешения № 381 на 'Согласование'
2022.05.30 11:25:30 Носов Петрушка Евгеньевич изменил статус разрешения № 381 на 'Создание'
2022.05.30 11:25:51 Носов Петрушка Евгеньевич выгрузил в pdf разрешение №381 
2022.05.30 11:26:05 Носов Петрушка Евгеньевич изменил статус разрешения № 381 на 'Согласование'
2022.05.30 11:26:12 Носов Петрушка Евгеньевич изменил статус разрешения № 381 на 'Утверждено'
2022.05.30 11:27:29 Носов Петрушка Евгеньевич вышел из системы  
2022.05.30 11:27:35 Иван Иванов Иванович авторизовался в системе  
2022.05.30 11:27:40 Иван Иванов Иванович изменил статус разрешения № 381 на 'Требуется маскирование'
2022.05.30 11:27:42 Иван Иванов Иванович вышел из системы  
2022.05.30 11:28:13 Дмитрий Чухломин Валерьевич авторизовался в системе  
2022.05.30 11:28:29 Дмитрий Чухломин Валерьевич вышел из системы  
2022.05.30 11:28:40 Носов Петрушка Евгеньевич авторизовался в системе  
2022.05.30 11:29:10 Носов Петрушка Евгеньевич вышел из системы  
2022.05.30 11:29:20 Дмитрий Чухломин Валерьевич авторизовался в системе  
2022.05.30 11:31:31 Дмитрий Чухломин Валерьевич изменил статус разрешения № 381 на 'Замаскировано'
2022.05.30 11:31:41 Дмитрий Чухломин Валерьевич изменил статус разрешения № 381 на 'Задемаскировано'
2022.05.30 11:45:32 Дмитрий Чухломин Валерьевич вышел из системы  
2022.05.30 11:45:39 Носов Петрушка Евгеньевич авторизовался в системе  
2022.05.30 11:45:43 Носов Петрушка Евгеньевич создал разрешение №384 
2022.05.30 11:46:02 Носов Петрушка Евгеньевич изменил статус разрешения № 384 на 'Согласование'
2022.05.30 11:46:05 Носов Петрушка Евгеньевич изменил статус разрешения № 384 на 'Утверждено'
2022.05.30 11:46:07 Носов Петрушка Евгеньевич вышел из системы  
2022.05.30 11:46:17 Дмитрий Чухломин Валерьевич авторизовался в системе  
2022.05.30 11:57:31 Дмитрий Чухломин Валерьевич вышел из системы  
2022.05.30 11:57:44 Дмитрий Игнетьев Дмитриевич авторизовался в системе  
2022.05.30 11:57:50 Дмитрий Игнетьев Дмитриевич вышел из системы  
2022.05.30 11:58:04 Носов Петрушка Евгеньевич авторизовался в системе  
2022.05.30 11:58:10 Носов Петрушка Евгеньевич создал разрешение №385 
2022.05.30 11:58:24 Носов Петрушка Евгеньевич вышел из системы  
2022.05.30 11:58:35 Дмитрий Игнетьев Дмитриевич авторизовался в системе  
2022.05.30 11:58:37 Дмитрий Игнетьев Дмитриевич вышел из системы  
2022.05.30 11:58:43 Носов Петрушка Евгеньевич авторизовался в системе  
2022.05.30 11:58:45 Носов Петрушка Евгеньевич изменил статус разрешения № 385 на 'Согласование'
2022.05.30 11:58:49 Носов Петрушка Евгеньевич изменил статус разрешения № 385 на 'Утверждено'
2022.05.30 11:58:51 Носов Петрушка Евгеньевич вышел из системы  
2022.05.30 11:59:03 Дмитрий Игнетьев Дмитриевич авторизовался в системе  
2022.05.30 18:13:51 Дмитрий Игнетьев Дмитриевич вышел из системы  
2022.05.30 18:14:01 Носов Петрушка Евгеньевич авторизовался в системе  
2022.05.31 10:27:45 Носов Петрушка Евгеньевич авторизовался в системе  
2022.05.31 10:27:48 Носов Петрушка Евгеньевич создал разрешение №386 
2022.05.31 11:05:34 Носов Петрушка Евгеньевич создал разрешение №387 
2022.05.31 11:45:00 Носов Петрушка Евгеньевич выгрузил в pdf разрешение №385 
2022.05.31 12:41:11 Носов Петрушка Евгеньевич изменил статус разрешения № 387 на 'Согласование'
2022.05.31 12:41:16 Носов Петрушка Евгеньевич изменил статус разрешения № 387 на 'Утверждено'
2022.05.31 12:41:18 Носов Петрушка Евгеньевич вышел из системы  
2022.05.31 12:41:29 Дмитрий Чухломин Валерьевич авторизовался в системе  
2022.05.31 12:41:31 Дмитрий Чухломин Валерьевич вышел из системы  
2022.05.31 12:41:39 Иван Иванов Иванович авторизовался в системе  
2022.05.31 12:41:42 Иван Иванов Иванович вышел из системы  
2022.05.31 12:41:49 Носов Петрушка Евгеньевич авторизовался в системе  
2022.05.31 12:41:59 Носов Петрушка Евгеньевич изменил статус разрешения № 387 на 'Согласование'
2022.05.31 12:42:05 Носов Петрушка Евгеньевич изменил статус разрешения № 387 на 'Создание'
2022.05.31 12:42:31 Носов Петрушка Евгеньевич изменил статус разрешения № 387 на 'Согласование'
2022.05.31 12:42:34 Носов Петрушка Евгеньевич изменил статус разрешения № 387 на 'Утверждено'
2022.05.31 12:42:36 Носов Петрушка Евгеньевич вышел из системы  
2022.05.31 12:42:47 Иван Иванов Иванович авторизовался в системе  
2022.05.31 12:42:56 Иван Иванов Иванович вышел из системы  
2022.05.31 12:43:08 Носов Петрушка Евгеньевич авторизовался в системе  
2022.05.31 12:43:15 Носов Петрушка Евгеньевич авторизовался в системе  
2022.05.31 12:43:20 Носов Петрушка Евгеньевич изменил статус разрешения № 387 на 'Согласование'
2022.05.31 12:43:24 Носов Петрушка Евгеньевич изменил статус разрешения № 387 на 'Создание'
2022.05.31 12:43:37 Носов Петрушка Евгеньевич вышел из системы  
2022.05.31 12:43:44 Носов Петрушка Евгеньевич авторизовался в системе  
2022.05.31 12:43:47 Носов Петрушка Евгеньевич изменил статус разрешения № 387 на 'Согласование'
2022.05.31 12:43:50 Носов Петрушка Евгеньевич изменил статус разрешения № 387 на 'Утверждено'
2022.05.31 12:43:52 Носов Петрушка Евгеньевич вышел из системы  
2022.05.31 12:43:56 Иван Иванов Иванович авторизовался в системе  
2022.05.31 12:44:02 Иван Иванов Иванович изменил статус разрешения № 387 на 'Требуется маскирование'
2022.05.31 12:44:04 Иван Иванов Иванович вышел из системы  
2022.05.31 12:44:14 Дмитрий Чухломин Валерьевич авторизовался в системе  
2022.05.31 12:44:34 Дмитрий Чухломин Валерьевич изменил статус разрешения № 387 на 'Замаскировано'
2022.05.31 12:47:13 Дмитрий Чухломин Валерьевич вышел из системы  
2022.05.31 12:47:20 Носов Петрушка Евгеньевич авторизовался в системе  
2022.05.31 12:47:25 Носов Петрушка Евгеньевич создал разрешение №388 
2022.05.31 12:47:41 Носов Петрушка Евгеньевич вышел из системы  
2022.05.31 12:47:49 Носов Петрушка Евгеньевич авторизовался в системе  
2022.05.31 12:47:52 Носов Петрушка Евгеньевич изменил статус разрешения № 388 на 'Согласование'
2022.05.31 12:47:57 Носов Петрушка Евгеньевич изменил статус разрешения № 388 на 'Утверждено'
2022.05.31 12:47:59 Носов Петрушка Евгеньевич вышел из системы  
2022.05.31 12:48:05 Иван Иванов Иванович авторизовался в системе  
2022.05.31 12:48:09 Иван Иванов Иванович изменил статус разрешения № 387 на 'Открыто'
2022.05.31 12:48:20 Иван Иванов Иванович вышел из системы  
2022.05.31 12:48:26 Носов Петрушка Евгеньевич авторизовался в системе  
2022.05.31 12:48:47 Носов Петрушка Евгеньевич изменил статус разрешения № 388 на 'Согласование'
2022.05.31 12:49:02 Носов Петрушка Евгеньевич изменил статус разрешения № 388 на 'Создание'
2022.05.31 12:49:28 Носов Петрушка Евгеньевич вышел из системы  
2022.05.31 12:49:49 Носов Петрушка Евгеньевич авторизовался в системе  
2022.05.31 12:49:53 Носов Петрушка Евгеньевич изменил статус разрешения № 388 на 'Согласование'
2022.05.31 12:49:58 Носов Петрушка Евгеньевич изменил статус разрешения № 388 на 'Утверждено'
2022.05.31 12:50:00 Носов Петрушка Евгеньевич вышел из системы  
2022.05.31 12:50:06 Иван Иванов Иванович авторизовался в системе  
2022.05.31 12:50:12 Иван Иванов Иванович изменил статус разрешения № 388 на 'Открыто'
2022.05.31 12:50:22 Иван Иванов Иванович изменил статус разрешения № 388 на 'Требуется маскирование'
2022.05.31 12:50:24 Иван Иванов Иванович вышел из системы  
2022.05.31 12:50:40 Дмитрий Чухломин Валерьевич авторизовался в системе  
2022.05.31 12:50:49 Дмитрий Чухломин Валерьевич изменил статус разрешения № 388 на 'Замаскировано'
2022.05.31 13:12:13 Дмитрий Чухломин Валерьевич изменил статус разрешения № 388 на 'Замаскировано'
2022.05.31 13:12:39 Дмитрий Чухломин Валерьевич изменил статус разрешения № 388 на 'Замаскировано'
2022.05.31 13:13:02 Дмитрий Чухломин Валерьевич изменил статус разрешения № 388 на 'Замаскировано'
2022.05.31 13:39:39 Дмитрий Чухломин Валерьевич вышел из системы  
2022.05.31 13:41:57 Носов Петрушка Евгеньевич авторизовался в системе  
2022.05.31 13:43:06 Носов Петрушка Евгеньевич вышел из системы  
2022.05.31 13:43:17 Иван Иванов Иванович авторизовался в системе  
2022.05.31 13:43:20 Иван Иванов Иванович вышел из системы  
2022.05.31 13:43:33 Носов Петрушка Евгеньевич авторизовался в системе  
2022.05.31 13:43:42 Носов Петрушка Евгеньевич создал разрешение №389 
2022.05.31 13:43:58 Носов Петрушка Евгеньевич удалил разрешение №389 
2022.05.31 13:44:05 Носов Петрушка Евгеньевич удалил разрешение №386 
2022.05.31 13:44:08 Носов Петрушка Евгеньевич создал разрешение №390 
2022.05.31 13:44:12 Носов Петрушка Евгеньевич создал разрешение №391 
2022.05.31 13:50:21 Носов Петрушка Евгеньевич удалил разрешение №391 
2022.05.31 13:50:45 Носов Петрушка Евгеньевич создал разрешение №392 
2022.05.31 13:50:56 Носов Петрушка Евгеньевич удалил разрешение №392 
2022.05.31 13:51:00 Носов Петрушка Евгеньевич создал разрешение №393 
2022.05.31 13:52:22 Носов Петрушка Евгеньевич создал разрешение №394 
2022.05.31 13:52:52 Носов Петрушка Евгеньевич создал разрешение №395 
2022.05.31 13:53:19 Носов Петрушка Евгеньевич удалил разрешение №395 
2022.05.31 13:53:21 Носов Петрушка Евгеньевич удалил разрешение №394 
2022.05.31 13:53:26 Носов Петрушка Евгеньевич создал разрешение №396 
2022.05.31 13:53:41 Носов Петрушка Евгеньевич удалил разрешение №396 
2022.05.31 13:53:43 Носов Петрушка Евгеньевич создал разрешение №397 
2022.05.31 13:53:48 Носов Петрушка Евгеньевич удалил разрешение №397 
2022.05.31 13:56:29 Носов Петрушка Евгеньевич удалил разрешение №393 
2022.05.31 13:56:32 Носов Петрушка Евгеньевич удалил разрешение №390 
2022.05.31 13:58:29 Носов Петрушка Евгеньевич создал разрешение №399 
2022.05.31 13:58:54 Носов Петрушка Евгеньевич удалил разрешение №399 
2022.05.31 14:06:51 Носов Петрушка Евгеньевич создал разрешение №410 
2022.05.31 14:06:59 Носов Петрушка Евгеньевич удалил разрешение №410 
2022.05.31 14:10:13 Носов Петрушка Евгеньевич создал разрешение №412 
2022.05.31 14:16:18 Носов Петрушка Евгеньевич создал разрешение №413 
2022.05.31 14:16:22 Носов Петрушка Евгеньевич удалил разрешение №413 
2022.05.31 14:16:24 Носов Петрушка Евгеньевич удалил разрешение №412 
2022.05.31 14:16:29 Носов Петрушка Евгеньевич создал разрешение №414 
2022.05.31 14:16:48 Носов Петрушка Евгеньевич создал разрешение №415 
2022.05.31 14:16:52 Носов Петрушка Евгеньевич удалил разрешение №415 
2022.05.31 14:16:54 Носов Петрушка Евгеньевич удалил разрешение №414 
2022.05.31 14:17:37 Носов Петрушка Евгеньевич вышел из системы  
2022.05.31 14:17:43 Иван Иванов Иванович авторизовался в системе  
2022.05.31 14:17:49 Иван Иванов Иванович изменил статус разрешения № 388 на 'Закрыто'
2022.05.31 14:17:53 Иван Иванов Иванович изменил статус разрешения № 388 на 'Завершено'
2022.05.31 15:00:37 Иван Иванов Иванович вышел из системы  
2022.05.31 15:00:44 Носов Петрушка Евгеньевич авторизовался в системе  
2022.05.31 15:00:47 Носов Петрушка Евгеньевич вышел из системы  
2022.05.31 15:00:53 Носов Петрушка Евгеньевич авторизовался в системе  
2022.05.31 15:00:58 Носов Петрушка Евгеньевич вышел из системы  
2022.05.31 15:01:18 Дмитрий Чухломин Валерьевич авторизовался в системе  
2022.05.31 15:01:22 Дмитрий Чухломин Валерьевич вышел из системы  
2022.05.31 15:01:32 Носов Петрушка Евгеньевич авторизовался в системе  
2022.05.31 15:05:16 Носов Петрушка Евгеньевич вышел из системы  
2022.05.31 15:05:23 Носов Петрушка Евгеньевич авторизовался в системе  
2022.05.31 15:09:41 Носов Петрушка Евгеньевич выгрузил в pdf разрешение №385 
2022.05.31 15:12:41 Носов Петрушка Евгеньевич вышел из системы  
2022.05.31 15:12:50 Иван Иванов Иванович авторизовался в системе  
2022.05.31 15:12:53 Иван Иванов Иванович выгрузил в scv разрешения №387  
2022.05.31 15:13:07 Иван Иванов Иванович изменил статус разрешения № 388 на 'Создание'
2022.05.31 15:13:38 Иван Иванов Иванович изменил статус разрешения № 388 на 'Создание'
2022.05.31 15:18:21 Иван Иванов Иванович изменил статус разрешения № 380 на 'Создание'
2022.05.31 15:18:49 Иван Иванов Иванович изменил статус разрешения № 388 на 'Создание'
2022.05.31 15:19:10 Иван Иванов Иванович изменил статус разрешения № 388 на 'Создание'
2022.05.31 15:19:30 Иван Иванов Иванович изменил статус разрешения № 388 на 'Создание'
2022.05.31 15:19:50 Иван Иванов Иванович изменил статус разрешения № 380 на 'Создание'
2022.05.31 15:20:00 Иван Иванов Иванович изменил статус разрешения № 387 на 'Закрыто'
2022.05.31 15:20:09 Иван Иванов Иванович изменил статус разрешения № 387 на 'Завершено'
2022.05.31 15:21:08 Иван Иванов Иванович изменил статус разрешения № 387 на 'Создание'
2022.05.31 15:21:43 Иван Иванов Иванович изменил статус разрешения № 380 на 'Создание'
2022.05.31 15:23:30 Иван Иванов Иванович изменил статус разрешения № 380 на 'Создание'
2022.05.31 15:24:04 Иван Иванов Иванович изменил статус разрешения № 380 на 'Создание'
2022.05.31 15:27:06 Иван Иванов Иванович изменил статус разрешения № 380 на 'Закрыто'
2022.05.31 15:32:02 Иван Иванов Иванович изменил статус разрешения № 387 на 'Закрыто'
2022.05.31 15:33:28 Иван Иванов Иванович изменил статус разрешения № 388 на 'Закрыто'
2022.05.31 15:33:34 Иван Иванов Иванович вышел из системы  
2022.05.31 15:33:39 Носов Петрушка Евгеньевич авторизовался в системе  
2022.05.31 15:33:59 Носов Петрушка Евгеньевич создал разрешение №416 
2022.05.31 15:34:28 Носов Петрушка Евгеньевич изменил статус разрешения № 416 на 'Согласование'
2022.05.31 15:34:33 Носов Петрушка Евгеньевич изменил статус разрешения № 416 на 'Утверждено'
2022.05.31 15:34:50 Носов Петрушка Евгеньевич вышел из системы  
2022.05.31 15:34:55 Иван Иванов Иванович авторизовался в системе  
2022.05.31 15:35:03 Иван Иванов Иванович вышел из системы  
2022.05.31 15:35:13 Носов Петрушка Евгеньевич авторизовался в системе  
2022.05.31 15:35:23 Носов Петрушка Евгеньевич изменил статус разрешения № 416 на 'Согласование'
2022.05.31 15:35:25 Носов Петрушка Евгеньевич изменил статус разрешения № 416 на 'Создание'
2022.05.31 15:35:51 Носов Петрушка Евгеньевич изменил статус разрешения № 416 на 'Согласование'
2022.05.31 15:35:55 Носов Петрушка Евгеньевич изменил статус разрешения № 416 на 'Утверждено'
2022.05.31 15:35:59 Носов Петрушка Евгеньевич вышел из системы  
2022.05.31 15:36:03 Иван Иванов Иванович авторизовался в системе  
2022.05.31 15:36:13 Иван Иванов Иванович изменил статус разрешения № 416 на 'Закрыто'
2022.05.31 15:36:16 Иван Иванов Иванович изменил статус разрешения № 416 на 'Завершено'
2022.05.31 15:36:19 Иван Иванов Иванович изменил статус разрешения № 416 на 'Закрыто'
2022.05.31 15:36:38 Иван Иванов Иванович вышел из системы  
2022.05.31 15:36:46 Носов Петрушка Евгеньевич авторизовался в системе  
2022.05.31 15:38:27 Носов Петрушка Евгеньевич создал разрешение №417 
2022.05.31 15:38:43 Носов Петрушка Евгеньевич изменил статус разрешения № 417 на 'Согласование'
2022.05.31 15:38:47 Носов Петрушка Евгеньевич изменил статус разрешения № 417 на 'Утверждено'
2022.05.31 15:38:52 Носов Петрушка Евгеньевич вышел из системы  
2022.05.31 15:38:59 Иван Иванов Иванович авторизовался в системе  
2022.05.31 15:41:14 Иван Иванов Иванович изменил статус разрешения № 417 на 'Закрыто'
2022.05.31 15:41:19 Иван Иванов Иванович изменил статус разрешения № 417 на 'Завершено'
2022.05.31 15:42:34 Иван Иванов Иванович вышел из системы  
2022.05.31 15:42:39 Носов Петрушка Евгеньевич авторизовался в системе  
2022.05.31 15:42:46 Носов Петрушка Евгеньевич создал разрешение №418 
2022.05.31 15:43:12 Носов Петрушка Евгеньевич изменил статус разрешения № 418 на 'Согласование'
2022.05.31 15:43:19 Носов Петрушка Евгеньевич изменил статус разрешения № 418 на 'Утверждено'
2022.05.31 15:43:22 Носов Петрушка Евгеньевич вышел из системы  
2022.05.31 15:43:28 Иван Иванов Иванович авторизовался в системе  
2022.05.31 15:44:02 Иван Иванов Иванович изменил статус разрешения № 418 на 'Закрыто'
2022.05.31 15:44:14 Иван Иванов Иванович изменил статус разрешения № 418 на 'Завершено'
2022.05.31 15:45:37 Иван Иванов Иванович изменил статус разрешения № 418 на 'Закрыто'
2022.05.31 15:47:30 Иван Иванов Иванович вышел из системы  
2022.05.31 15:47:36 Носов Петрушка Евгеньевич авторизовался в системе  
2022.05.31 15:47:41 Носов Петрушка Евгеньевич создал разрешение №419 
2022.05.31 15:47:47 Носов Петрушка Евгеньевич изменил статус разрешения № 419 на 'Согласование'
2022.05.31 15:47:50 Носов Петрушка Евгеньевич изменил статус разрешения № 419 на 'Утверждено'
2022.05.31 15:47:53 Носов Петрушка Евгеньевич вышел из системы  
2022.05.31 15:47:59 Иван Иванов Иванович авторизовался в системе  
2022.05.31 15:48:19 Иван Иванов Иванович вышел из системы  
2022.05.31 15:48:26 Носов Петрушка Евгеньевич авторизовался в системе  
2022.05.31 15:48:43 Носов Петрушка Евгеньевич создал разрешение №420 
2022.05.31 15:58:27 Носов Петрушка Евгеньевич выгрузил в pdf разрешение №420 
2022.05.31 15:58:49 Носов Петрушка Евгеньевич изменил статус разрешения № 420 на 'Согласование'
2022.05.31 15:59:07 Носов Петрушка Евгеньевич изменил статус разрешения № 420 на 'Утверждено'
2022.05.31 15:59:38 Носов Петрушка Евгеньевич вышел из системы  
2022.05.31 15:59:45 Иван Иванов Иванович авторизовался в системе  
2022.05.31 15:59:56 Иван Иванов Иванович изменил статус разрешения № 418 на 'Завершено'
2022.05.31 16:00:03 Иван Иванов Иванович изменил статус разрешения № 418 на 'Закрыто'
2022.05.31 16:00:14 Иван Иванов Иванович изменил статус разрешения № 419 на 'Открыто'
2022.05.31 16:00:21 Иван Иванов Иванович изменил статус разрешения № 419 на 'Требуется маскирование'
2022.05.31 16:00:27 Иван Иванов Иванович вышел из системы  
2022.05.31 16:00:36 Дмитрий Чухломин Валерьевич авторизовался в системе  
2022.05.31 16:01:43 Дмитрий Чухломин Валерьевич изменил статус разрешения № 419 на 'Замаскировано'
2022.05.31 16:08:35 Дмитрий Чухломин Валерьевич вышел из системы  
2022.05.31 16:08:40 Носов Петрушка Евгеньевич авторизовался в системе  
2022.05.31 16:08:45 Носов Петрушка Евгеньевич создал разрешение №421 
2022.05.31 16:11:01 Носов Петрушка Евгеньевич изменил статус разрешения № 421 на 'Согласование'
2022.05.31 16:11:05 Носов Петрушка Евгеньевич изменил статус разрешения № 421 на 'Утверждено'
2022.05.31 16:11:18 Носов Петрушка Евгеньевич вышел из системы  
2022.05.31 16:11:23 Иван Иванов Иванович авторизовался в системе  
2022.05.31 16:11:38 Иван Иванов Иванович вышел из системы  
2022.05.31 16:11:43 Носов Петрушка Евгеньевич авторизовался в системе  
2022.05.31 16:12:07 Носов Петрушка Евгеньевич изменил статус разрешения № 421 на 'Согласование'
2022.05.31 16:12:19 Носов Петрушка Евгеньевич изменил статус разрешения № 421 на 'Создание'
2022.05.31 16:13:23 Носов Петрушка Евгеньевич изменил статус разрешения № 421 на 'Согласование'
2022.05.31 16:13:26 Носов Петрушка Евгеньевич изменил статус разрешения № 421 на 'Утверждено'
2022.05.31 16:14:05 Носов Петрушка Евгеньевич изменил статус разрешения № 421 на 'Согласование'
2022.05.31 16:14:09 Носов Петрушка Евгеньевич изменил статус разрешения № 421 на 'Утверждено'
2022.05.31 16:14:11 Носов Петрушка Евгеньевич изменил статус разрешения № 421 на 'Согласование'
2022.05.31 16:14:27 Носов Петрушка Евгеньевич изменил статус разрешения № 421 на 'Создание'
2022.05.31 16:14:36 Носов Петрушка Евгеньевич изменил статус разрешения № 421 на 'Согласование'
2022.05.31 16:14:39 Носов Петрушка Евгеньевич изменил статус разрешения № 421 на 'Утверждено'
2022.05.31 16:14:42 Носов Петрушка Евгеньевич вышел из системы  
2022.05.31 16:14:47 Иван Иванов Иванович авторизовался в системе  
2022.05.31 16:14:51 Иван Иванов Иванович вышел из системы  
2022.05.31 16:14:57 Носов Петрушка Евгеньевич авторизовался в системе  
2022.05.31 16:14:59 Носов Петрушка Евгеньевич изменил статус разрешения № 421 на 'Согласование'
2022.05.31 16:15:01 Носов Петрушка Евгеньевич изменил статус разрешения № 421 на 'Создание'
2022.05.31 16:15:28 Носов Петрушка Евгеньевич изменил статус разрешения № 421 на 'Согласование'
2022.05.31 16:15:31 Носов Петрушка Евгеньевич изменил статус разрешения № 421 на 'Утверждено'
2022.05.31 16:15:32 Носов Петрушка Евгеньевич вышел из системы  
2022.05.31 16:15:40 Иван Иванов Иванович авторизовался в системе  
2022.05.31 16:17:43 Иван Иванов Иванович вышел из системы  
2022.05.31 16:17:50 Носов Петрушка Евгеньевич авторизовался в системе  
2022.05.31 16:18:02 Носов Петрушка Евгеньевич выгрузил в pdf разрешение №421 
2022.05.31 16:19:03 Носов Петрушка Евгеньевич выгрузил в pdf разрешение №421 
2022.05.31 16:19:17 Носов Петрушка Евгеньевич вышел из системы  
2022.05.31 16:19:22 Иван Иванов Иванович авторизовался в системе  
2022.05.31 16:19:25 Иван Иванов Иванович изменил статус разрешения № 421 на 'Требуется маскирование'
2022.05.31 16:19:28 Иван Иванов Иванович вышел из системы  
2022.05.31 16:19:37 Дмитрий Чухломин Валерьевич авторизовался в системе  
2022.05.31 16:19:43 Дмитрий Чухломин Валерьевич изменил статус разрешения № 421 на 'Замаскировано'
2022.05.31 16:19:54 Дмитрий Чухломин Валерьевич изменил статус разрешения № 421 на 'Замаскировано'
2022.05.31 16:20:07 Дмитрий Чухломин Валерьевич изменил статус разрешения № 421 на 'Замаскировано'
2022.05.31 16:20:12 Дмитрий Чухломин Валерьевич изменил статус разрешения № 421 на 'Замаскировано'
2022.05.31 16:20:27 Дмитрий Чухломин Валерьевич изменил статус разрешения № 421 на 'Задемаскировано'
2022.05.31 16:20:34 Дмитрий Чухломин Валерьевич изменил статус разрешения № 421 на 'Задемаскировано'
2022.05.31 16:20:49 Дмитрий Чухломин Валерьевич изменил статус разрешения № 421 на 'Задемаскировано'
2022.05.31 16:20:54 Дмитрий Чухломин Валерьевич изменил статус разрешения № 421 на 'Задемаскировано'
2022.05.31 16:21:36 Дмитрий Чухломин Валерьевич изменил статус разрешения № 421 на 'Замаскировано'
2022.05.31 16:24:10 Дмитрий Чухломин Валерьевич вышел из системы  
2022.05.31 16:31:25 Носов Петрушка Евгеньевич авторизовался в системе  
2022.05.31 16:33:01 Носов Петрушка Евгеньевич вышел из системы  
2022.05.31 16:34:52 Носов Петрушка Евгеньевич авторизовался в системе  
2022.05.31 16:37:07 Носов Петрушка Евгеньевич создал разрешение №422 
2022.05.31 16:46:53 Носов Петрушка Евгеньевич изменил статус разрешения № 422 на 'Согласование'
2022.05.31 16:47:01 Носов Петрушка Евгеньевич выгрузил в pdf разрешение №422 
2022.05.31 16:48:37 Носов Петрушка Евгеньевич изменил статус разрешения № 422 на 'Утверждено'
2022.05.31 16:49:23 Носов Петрушка Евгеньевич вышел из системы  
2022.05.31 16:49:31 Иван Иванов Иванович авторизовался в системе  
2022.05.31 16:57:27 Иван Иванов Иванович вышел из системы  
2022.05.31 16:57:33 Носов Петрушка Евгеньевич авторизовался в системе  
2022.05.31 16:57:54 Носов Петрушка Евгеньевич вышел из системы  
2022.05.31 16:58:00 Иван Иванов Иванович авторизовался в системе  
2022.05.31 16:58:23 Иван Иванов Иванович изменил статус разрешения № 422 на 'Открыто'
2022.05.31 16:59:40 Иван Иванов Иванович изменил статус разрешения № 422 на 'Требуется маскирование'
2022.05.31 16:59:53 Иван Иванов Иванович вышел из системы  
2022.05.31 17:00:05 Дмитрий Чухломин Валерьевич авторизовался в системе  
2022.05.31 17:00:13 Дмитрий Чухломин Валерьевич изменил статус разрешения № 422 на 'Замаскировано'
2022.05.31 17:01:08 Дмитрий Чухломин Валерьевич вышел из системы  
2022.05.31 17:01:14 Иван Иванов Иванович авторизовался в системе  
2022.05.31 17:01:20 Иван Иванов Иванович изменил статус разрешения № 422 на 'Работы начаты'
2022.05.31 18:19:28 Иван Иванов Иванович вышел из системы  
2022.05.31 18:19:40 Дмитрий Чухломин Валерьевич авторизовался в системе  
2022.05.31 18:20:15 Дмитрий Чухломин Валерьевич изменил статус разрешения № 421 на 'Замаскировано'
2022.05.31 18:20:23 Дмитрий Чухломин Валерьевич изменил статус разрешения № 422 на 'Замаскировано'
2022.05.31 18:20:37 Дмитрий Чухломин Валерьевич вышел из системы  
2022.05.31 18:22:43 Иван Иванов Иванович авторизовался в системе  
2022.05.31 18:22:48 Иван Иванов Иванович изменил статус разрешения № 422 на 'Требуется маскирование'
2022.06.01 16:07:23 Носов Петрушка Евгеньевич авторизовался в системе  
2022.06.01 16:07:45 Носов Петрушка Евгеньевич создал разрешение №423 
2022.06.01 16:08:18 Носов Петрушка Евгеньевич создал разрешение №424 
2022.06.01 16:13:19 Носов Петрушка Евгеньевич выгрузил в pdf разрешение №424 
2022.06.02 10:34:56 Носов Петрушка Евгеньевич авторизовался в системе  
2022.06.02 10:35:00 Носов Петрушка Евгеньевич создал разрешение №425 
2022.06.02 18:42:30 Носов Петрушка Евгеньевич авторизовался в системе  
2022.06.03 23:10:16 Носов Петрушка Евгеньевич авторизовался в системе  
2022.06.04 17:00:20 Носов Петрушка Евгеньевич авторизовался в системе  
2022.06.05 00:21:14 Носов Петрушка Евгеньевич вышел из системы  
2022.06.06 17:59:20 Носов Петрушка Евгеньевич авторизовался в системе  
2022.06.06 17:59:49 Носов Петрушка Евгеньевич вышел из системы  
2022.06.06 17:59:56 Иван Иванов Иванович авторизовался в системе  
2022.06.06 18:00:30 Иван Иванов Иванович вышел из системы  
2022.06.06 18:00:39 Носов Петрушка Евгеньевич авторизовался в системе  
2022.06.06 18:37:44 Носов Петрушка Евгеньевич авторизовался в системе  
2022.06.06 18:55:14 Носов Петрушка Евгеньевич создал разрешение №426 
2022.06.06 19:45:45 Носов Петрушка Евгеньевич создал разрешение №427 
2022.06.06 19:49:00 Носов Петрушка Евгеньевич создал разрешение №428 
2022.06.06 22:32:18 Носов Петрушка Евгеньевич вышел из системы  
2022.06.06 23:06:46 Иванов Иван Иванович авторизовался в системе  
2022.06.06 23:06:53 Иванов Иван Иванович создал разрешение №429 
2022.06.06 23:10:51 Иванов Иван Иванович изменил статус разрешения № 429 на 'Согласование'
2022.06.06 23:10:57 Иванов Иван Иванович изменил статус разрешения № 429 на 'Утверждено'
2022.06.06 23:11:48 Иванов Иван Иванович создал разрешение №430 
2022.06.06 23:21:40 Иванов Иван Иванович создал разрешение №431 
2022.06.06 23:22:52 Иванов Иван Иванович изменил статус разрешения № 431 на 'Согласование'
2022.06.06 23:32:50 Иванов Иван Иванович создал разрешение №432 
2022.06.06 23:33:18 Иванов Иван Иванович изменил статус разрешения № 432 на 'Согласование'
2022.06.06 23:33:22 Иванов Иван Иванович изменил статус разрешения № 432 на 'Утверждено'
2022.06.06 23:33:42 Иванов Иван Иванович вышел из системы  
2022.06.06 23:33:48 Иван Иванов Иванович авторизовался в системе  
2022.06.06 23:33:58 Иван Иванов Иванович вышел из системы  
2022.06.06 23:34:15 Иванов Иван Иванович авторизовался в системе  
2022.06.06 23:35:18 Иванов Иван Иванович изменил статус разрешения № 429 на 'Согласование'
2022.06.06 23:35:21 Иванов Иван Иванович изменил статус разрешения № 429 на 'Создание'
2022.06.06 23:35:48 Иванов Иван Иванович изменил статус разрешения № 429 на 'Согласование'
2022.06.06 23:35:52 Иванов Иван Иванович изменил статус разрешения № 429 на 'Утверждено'
2022.06.06 23:36:25 Иванов Иван Иванович вышел из системы  
2022.06.06 23:36:37 Иван Иванов Иванович авторизовался в системе  
2022.06.06 23:36:55 Иван Иванов Иванович вышел из системы  
2022.06.06 23:37:20 Иванов Иван Иванович авторизовался в системе  
2022.06.06 23:39:12 Иванов Иван Иванович вышел из системы  
2022.06.06 23:39:17 Иван Иванов Иванович авторизовался в системе  
2022.06.06 23:45:42 Иван Иванов Иванович вышел из системы  
2022.06.06 23:45:54 Иванов Иван Иванович авторизовался в системе  
2022.06.06 23:51:32 Иванов Иван Иванович вышел из системы  
2022.06.06 23:51:53 Иванов Иван Иванович авторизовался в системе  
2022.06.06 23:57:34 Иванов Иван Иванович вышел из системы  
2022.06.06 23:57:39 Иван Иванов Иванович авторизовался в системе  
2022.06.06 23:57:43 Иван Иванов Иванович вышел из системы  
2022.06.06 23:58:02 Иванов Иван Иванович авторизовался в системе  
2022.06.06 23:58:43 Иванов Иван Иванович создал разрешение №433 
2022.06.07 00:00:21 Иванов Иван Иванович создал разрешение №434 
2022.06.07 00:02:27 Иванов Иван Иванович создал разрешение №435 
2022.06.07 00:05:13 Иванов Иван Иванович создал разрешение №436 
2022.06.07 00:07:46 Иванов Иван Иванович создал разрешение №437 
2022.06.07 00:08:23 Иванов Иван Иванович создал разрешение №438 
2022.06.07 00:09:31 Иванов Иван Иванович создал разрешение №439 
2022.06.07 00:10:46 Иванов Иван Иванович изменил статус разрешения № 439 на 'Согласование'
2022.06.07 00:10:49 Иванов Иван Иванович изменил статус разрешения № 438 на 'Согласование'
2022.06.07 00:10:52 Иванов Иван Иванович изменил статус разрешения № 437 на 'Согласование'
2022.06.07 00:10:55 Иванов Иван Иванович изменил статус разрешения № 436 на 'Согласование'
2022.06.07 00:10:58 Иванов Иван Иванович изменил статус разрешения № 435 на 'Согласование'
2022.06.07 00:11:02 Иванов Иван Иванович изменил статус разрешения № 434 на 'Согласование'
2022.06.07 00:11:05 Иванов Иван Иванович изменил статус разрешения № 433 на 'Согласование'
2022.06.07 00:11:10 Иванов Иван Иванович изменил статус разрешения № 433 на 'Утверждено'
2022.06.07 00:11:21 Иванов Иван Иванович изменил статус разрешения № 434 на 'Утверждено'
2022.06.07 00:11:26 Иванов Иван Иванович изменил статус разрешения № 435 на 'Утверждено'
2022.06.07 00:11:31 Иванов Иван Иванович изменил статус разрешения № 436 на 'Утверждено'
2022.06.07 00:11:36 Иванов Иван Иванович изменил статус разрешения № 437 на 'Утверждено'
2022.06.07 00:11:41 Иванов Иван Иванович изменил статус разрешения № 438 на 'Утверждено'
2022.06.07 00:11:47 Иванов Иван Иванович изменил статус разрешения № 439 на 'Утверждено'
2022.06.07 00:14:45 Иванов Иван Иванович вышел из системы  
2022.06.07 00:14:57 Иван Иванов Иванович авторизовался в системе  
2022.06.07 00:16:06 Иван Иванов Иванович выгрузил в scv разрешения №435 №433 №429 №432 №431 №421 №419 №418  
2022.06.07 00:16:59 Иван Иванов Иванович вышел из системы  
2022.06.07 00:17:15 Иванов Иван Иванович авторизовался в системе  
2022.06.07 00:48:28 Иванов Иван Иванович вышел из системы  
2022.06.07 00:48:38 Иван Иванов Иванович авторизовался в системе  
2022.06.07 00:51:38 Иван Иванов Иванович вышел из системы  
2022.06.07 00:51:49 Иванов Иван Иванович авторизовался в системе  
2022.06.07 00:52:09 Иванов Иван Иванович изменил статус разрешения № 434 на 'Согласование'
2022.06.07 00:52:13 Иванов Иван Иванович изменил статус разрешения № 434 на 'Создание'
2022.06.07 00:52:16 Иванов Иван Иванович удалил разрешение №434 
2022.06.07 00:52:20 Иванов Иван Иванович создал разрешение №440 
2022.06.07 00:53:23 Иванов Иван Иванович изменил статус разрешения № 440 на 'Согласование'
2022.06.07 00:53:27 Иванов Иван Иванович изменил статус разрешения № 440 на 'Утверждено'
2022.06.07 00:56:17 Иванов Иван Иванович вышел из системы  
2022.06.07 00:56:28 Иван Иванов Иванович авторизовался в системе  
2022.06.07 01:04:30 Иван Иванов Иванович вышел из системы  
2022.06.07 01:09:34 Иванов Иван Иванович авторизовался в системе  
2022.06.07 01:10:01 Иванов Иван Иванович изменил статус разрешения № 440 на 'Согласование'
2022.06.07 01:10:04 Иванов Иван Иванович изменил статус разрешения № 440 на 'Создание'
2022.06.07 01:10:27 Иванов Иван Иванович изменил статус разрешения № 440 на 'Согласование'
2022.06.07 01:10:33 Иванов Иван Иванович изменил статус разрешения № 440 на 'Утверждено'
2022.06.07 01:16:39 Иванов Иван Иванович изменил статус разрешения № 439 на 'Согласование'
2022.06.07 01:16:43 Иванов Иван Иванович изменил статус разрешения № 438 на 'Согласование'
2022.06.07 01:16:47 Иванов Иван Иванович изменил статус разрешения № 437 на 'Согласование'
2022.06.07 01:16:51 Иванов Иван Иванович изменил статус разрешения № 436 на 'Согласование'
2022.06.07 01:17:03 Иванов Иван Иванович изменил статус разрешения № 436 на 'Создание'
2022.06.07 01:17:06 Иванов Иван Иванович изменил статус разрешения № 437 на 'Создание'
2022.06.07 01:17:09 Иванов Иван Иванович изменил статус разрешения № 438 на 'Создание'
2022.06.07 01:17:12 Иванов Иван Иванович изменил статус разрешения № 439 на 'Создание'
2022.06.07 01:17:38 Иванов Иван Иванович изменил статус разрешения № 439 на 'Согласование'
2022.06.07 01:17:42 Иванов Иван Иванович изменил статус разрешения № 439 на 'Утверждено'
2022.06.07 01:18:15 Иванов Иван Иванович изменил статус разрешения № 438 на 'Согласование'
2022.06.07 01:18:20 Иванов Иван Иванович изменил статус разрешения № 438 на 'Утверждено'
2022.06.07 01:18:43 Иванов Иван Иванович изменил статус разрешения № 437 на 'Согласование'
2022.06.07 01:18:48 Иванов Иван Иванович изменил статус разрешения № 437 на 'Утверждено'
2022.06.07 01:19:07 Иванов Иван Иванович изменил статус разрешения № 436 на 'Согласование'
2022.06.07 01:19:11 Иванов Иван Иванович изменил статус разрешения № 436 на 'Утверждено'
2022.06.07 01:19:13 Иванов Иван Иванович вышел из системы  
2022.06.07 01:19:21 Иван Иванов Иванович авторизовался в системе  
2022.06.07 01:19:31 Иван Иванов Иванович изменил статус разрешения № 436 на 'Открыто'
2022.06.07 01:19:37 Иван Иванов Иванович изменил статус разрешения № 436 на 'Закрыто'
2022.06.07 01:20:04 Иван Иванов Иванович изменил статус разрешения № 436 на 'Работы начаты'
2022.06.07 01:22:57 Иван Иванов Иванович изменил статус разрешения № 436 на 'Работы закончены'
2022.06.07 01:27:13 Иван Иванов Иванович изменил статус разрешения № 436 на 'Требуется маскирование'
2022.06.07 01:28:21 Иван Иванов Иванович изменил статус разрешения № 436 на 'Маскирование не требуется'
2022.06.07 01:31:13 Иван Иванов Иванович изменил статус разрешения № 436 на 'Завершено'
2022.06.07 11:39:16 Чуркин Андрей Геннадьевич авторизовался в системе  
2022.06.07 11:39:22 Чуркин Андрей Геннадьевич создал разрешение №441 
2022.06.07 11:45:14 Чуркин Андрей Геннадьевич вышел из системы  
2022.06.07 11:45:37 Чуркин Андрей Геннадьевич авторизовался в системе  
2022.06.07 11:47:02 Чуркин Андрей Геннадьевич создал разрешение №442 
2022.06.07 11:49:31 Чуркин Андрей Геннадьевич удалил разрешение №442 
2022.06.07 11:49:37 Чуркин Андрей Геннадьевич создал разрешение №443 
2022.06.07 13:01:03 Чуркин Андрей Геннадьевич создал разрешение №444 
2022.06.07 13:02:36 Чуркин Андрей Геннадьевич создал разрешение №445 
2022.06.07 13:03:42 Чуркин Андрей Геннадьевич создал разрешение №446 
2022.06.07 13:05:06 Чуркин Андрей Геннадьевич создал разрешение №447 
2022.06.07 13:06:29 Чуркин Андрей Геннадьевич создал разрешение №448 
2022.06.07 13:07:50 Чуркин Андрей Геннадьевич создал разрешение №449 
2022.06.07 13:08:00 Чуркин Андрей Геннадьевич создал разрешение №450 
2022.06.07 13:09:59 Чуркин Андрей Геннадьевич создал разрешение №451 
2022.06.07 13:10:57 Чуркин Андрей Геннадьевич создал разрешение №452 
2022.06.07 13:12:34 Чуркин Андрей Геннадьевич создал разрешение №453 
2022.06.07 13:13:56 Чуркин Андрей Геннадьевич создал разрешение №454 
2022.06.07 13:15:19 Чуркин Андрей Геннадьевич создал разрешение №455 
2022.06.07 13:17:29 Чуркин Андрей Геннадьевич создал разрешение №456 
2022.06.07 13:18:19 Чуркин Андрей Геннадьевич создал разрешение №457 
2022.06.07 13:18:28 Чуркин Андрей Геннадьевич удалил разрешение №457 
2022.06.07 13:18:31 Чуркин Андрей Геннадьевич создал разрешение №458 
2022.06.07 13:20:12 Чуркин Андрей Геннадьевич создал разрешение №459 
2022.06.07 13:22:01 Чуркин Андрей Геннадьевич создал разрешение №460 
2022.06.07 13:22:43 Чуркин Андрей Геннадьевич создал разрешение №461 
2022.06.07 13:25:00 Чуркин Андрей Геннадьевич создал разрешение №462 
2022.06.07 13:25:52 Чуркин Андрей Геннадьевич создал разрешение №463 
2022.06.07 13:27:50 Чуркин Андрей Геннадьевич создал разрешение №464 
2022.06.07 13:31:06 Чуркин Андрей Геннадьевич создал разрешение №465 
2022.06.07 13:34:22 Чуркин Андрей Геннадьевич изменил статус разрешения № 465 на 'Согласование'
2022.06.07 13:34:35 Чуркин Андрей Геннадьевич изменил статус разрешения № 465 на 'Утверждено'
2022.06.07 13:34:38 Чуркин Андрей Геннадьевич изменил статус разрешения № 464 на 'Согласование'
2022.06.07 13:34:41 Чуркин Андрей Геннадьевич изменил статус разрешения № 465 на 'Согласование'
2022.06.07 13:34:45 Чуркин Андрей Геннадьевич изменил статус разрешения № 464 на 'Утверждено'
2022.06.07 13:34:51 Чуркин Андрей Геннадьевич изменил статус разрешения № 465 на 'Утверждено'
2022.06.07 13:34:55 Чуркин Андрей Геннадьевич изменил статус разрешения № 463 на 'Согласование'
2022.06.07 13:34:59 Чуркин Андрей Геннадьевич изменил статус разрешения № 463 на 'Утверждено'
2022.06.07 13:35:03 Чуркин Андрей Геннадьевич изменил статус разрешения № 462 на 'Согласование'
2022.06.07 13:35:07 Чуркин Андрей Геннадьевич изменил статус разрешения № 462 на 'Утверждено'
2022.06.07 13:35:10 Чуркин Андрей Геннадьевич изменил статус разрешения № 461 на 'Согласование'
2022.06.07 13:35:15 Чуркин Андрей Геннадьевич изменил статус разрешения № 461 на 'Утверждено'
2022.06.07 13:35:18 Чуркин Андрей Геннадьевич изменил статус разрешения № 460 на 'Согласование'
2022.06.07 13:35:22 Чуркин Андрей Геннадьевич изменил статус разрешения № 460 на 'Утверждено'
2022.06.07 13:35:24 Чуркин Андрей Геннадьевич изменил статус разрешения № 459 на 'Согласование'
2022.06.07 13:35:28 Чуркин Андрей Геннадьевич изменил статус разрешения № 459 на 'Утверждено'
2022.06.07 13:35:30 Чуркин Андрей Геннадьевич изменил статус разрешения № 458 на 'Согласование'
2022.06.07 13:35:34 Чуркин Андрей Геннадьевич изменил статус разрешения № 458 на 'Утверждено'
2022.06.07 13:35:37 Чуркин Андрей Геннадьевич изменил статус разрешения № 456 на 'Согласование'
2022.06.07 13:35:41 Чуркин Андрей Геннадьевич изменил статус разрешения № 456 на 'Утверждено'
2022.06.07 13:35:49 Чуркин Андрей Геннадьевич изменил статус разрешения № 449 на 'Согласование'
2022.06.07 13:35:54 Чуркин Андрей Геннадьевич изменил статус разрешения № 449 на 'Утверждено'
2022.06.07 13:35:57 Чуркин Андрей Геннадьевич изменил статус разрешения № 448 на 'Согласование'
2022.06.07 13:36:01 Чуркин Андрей Геннадьевич изменил статус разрешения № 448 на 'Утверждено'
2022.06.07 13:36:05 Чуркин Андрей Геннадьевич изменил статус разрешения № 453 на 'Согласование'
2022.06.07 13:36:11 Чуркин Андрей Геннадьевич изменил статус разрешения № 453 на 'Утверждено'
2022.06.07 13:36:15 Чуркин Андрей Геннадьевич изменил статус разрешения № 455 на 'Согласование'
2022.06.07 13:36:21 Чуркин Андрей Геннадьевич изменил статус разрешения № 455 на 'Утверждено'
2022.06.07 13:36:24 Чуркин Андрей Геннадьевич изменил статус разрешения № 454 на 'Согласование'
2022.06.07 13:36:28 Чуркин Андрей Геннадьевич изменил статус разрешения № 454 на 'Утверждено'
2022.06.07 13:36:33 Чуркин Андрей Геннадьевич изменил статус разрешения № 452 на 'Согласование'
2022.06.07 13:36:36 Чуркин Андрей Геннадьевич изменил статус разрешения № 452 на 'Утверждено'
2022.06.07 13:37:07 Чуркин Андрей Геннадьевич изменил статус разрешения № 443 на 'Согласование'
2022.06.07 13:37:11 Чуркин Андрей Геннадьевич изменил статус разрешения № 450 на 'Согласование'
2022.06.07 13:37:26 Чуркин Андрей Геннадьевич изменил статус разрешения № 447 на 'Согласование'
2022.06.07 13:37:31 Чуркин Андрей Геннадьевич изменил статус разрешения № 445 на 'Согласование'
2022.06.07 13:37:36 Чуркин Андрей Геннадьевич изменил статус разрешения № 444 на 'Согласование'
2022.06.07 13:37:47 Чуркин Андрей Геннадьевич изменил статус разрешения № 444 на 'Утверждено'
2022.06.07 13:37:51 Чуркин Андрей Геннадьевич изменил статус разрешения № 450 на 'Утверждено'
2022.06.07 13:37:55 Чуркин Андрей Геннадьевич изменил статус разрешения № 447 на 'Утверждено'
2022.06.07 13:42:01 Чуркин Андрей Геннадьевич вышел из системы  
2022.06.07 13:42:18 Михеев Богдан Александрович авторизовался в системе  
2022.06.07 13:44:04 Михеев Богдан Александрович изменил статус разрешения № 450 на 'Открыто'
2022.06.07 13:46:05 Михеев Богдан Александрович изменил статус разрешения № 444 на 'Открыто'
2022.06.07 13:46:12 Михеев Богдан Александрович изменил статус разрешения № 452 на 'Открыто'
2022.06.07 13:46:16 Михеев Богдан Александрович изменил статус разрешения № 454 на 'Открыто'
2022.06.07 13:46:20 Михеев Богдан Александрович изменил статус разрешения № 453 на 'Открыто'
2022.06.07 13:46:24 Михеев Богдан Александрович изменил статус разрешения № 459 на 'Открыто'
2022.06.07 13:46:34 Михеев Богдан Александрович изменил статус разрешения № 460 на 'Открыто'
2022.06.07 13:46:40 Михеев Богдан Александрович изменил статус разрешения № 461 на 'Открыто'
2022.06.07 13:46:46 Михеев Богдан Александрович изменил статус разрешения № 462 на 'Открыто'
2022.06.07 13:48:05 Михеев Богдан Александрович изменил статус разрешения № 462 на 'Требуется демаскирование'
2022.06.07 13:48:17 Михеев Богдан Александрович вышел из системы  
2022.06.07 13:48:28 Чуркин Андрей Геннадьевич авторизовался в системе  
2022.06.07 13:51:02 Чуркин Андрей Геннадьевич изменил статус разрешения № 464 на 'Согласование'
2022.06.07 13:51:05 Чуркин Андрей Геннадьевич изменил статус разрешения № 464 на 'Создание'
2022.06.07 13:51:12 Чуркин Андрей Геннадьевич изменил статус разрешения № 455 на 'Согласование'
2022.06.07 13:51:18 Чуркин Андрей Геннадьевич изменил статус разрешения № 448 на 'Согласование'
2022.06.07 13:51:28 Чуркин Андрей Геннадьевич изменил статус разрешения № 447 на 'Согласование'
2022.06.07 13:51:37 Чуркин Андрей Геннадьевич изменил статус разрешения № 456 на 'Согласование'
2022.06.07 13:51:44 Чуркин Андрей Геннадьевич изменил статус разрешения № 449 на 'Согласование'
2022.06.07 13:51:55 Чуркин Андрей Геннадьевич изменил статус разрешения № 458 на 'Согласование'
2022.06.07 13:51:59 Чуркин Андрей Геннадьевич изменил статус разрешения № 463 на 'Согласование'
2022.06.07 13:52:03 Чуркин Андрей Геннадьевич изменил статус разрешения № 463 на 'Создание'
2022.06.07 13:52:05 Чуркин Андрей Геннадьевич изменил статус разрешения № 458 на 'Создание'
2022.06.07 13:52:07 Чуркин Андрей Геннадьевич изменил статус разрешения № 449 на 'Создание'
2022.06.07 13:52:09 Чуркин Андрей Геннадьевич изменил статус разрешения № 456 на 'Создание'
2022.06.07 13:52:10 Чуркин Андрей Геннадьевич изменил статус разрешения № 447 на 'Создание'
2022.06.07 13:52:14 Чуркин Андрей Геннадьевич изменил статус разрешения № 448 на 'Создание'
2022.06.07 13:52:17 Чуркин Андрей Геннадьевич изменил статус разрешения № 455 на 'Создание'
2022.06.07 13:53:05 Чуркин Андрей Геннадьевич изменил статус разрешения № 455 на 'Согласование'
2022.06.07 13:53:32 Чуркин Андрей Геннадьевич изменил статус разрешения № 448 на 'Согласование'
2022.06.07 13:54:08 Чуркин Андрей Геннадьевич изменил статус разрешения № 447 на 'Согласование'
2022.06.07 13:54:55 Чуркин Андрей Геннадьевич изменил статус разрешения № 456 на 'Согласование'
2022.06.07 13:55:27 Чуркин Андрей Геннадьевич изменил статус разрешения № 449 на 'Согласование'
2022.06.07 13:55:49 Чуркин Андрей Геннадьевич изменил статус разрешения № 458 на 'Согласование'
2022.06.07 13:56:25 Чуркин Андрей Геннадьевич изменил статус разрешения № 463 на 'Согласование'
2022.06.07 13:56:43 Чуркин Андрей Геннадьевич изменил статус разрешения № 451 на 'Согласование'
2022.06.07 13:56:51 Чуркин Андрей Геннадьевич изменил статус разрешения № 451 на 'Утверждено'
2022.06.07 13:57:16 Чуркин Андрей Геннадьевич изменил статус разрешения № 463 на 'Утверждено'
2022.06.07 13:57:20 Чуркин Андрей Геннадьевич изменил статус разрешения № 458 на 'Утверждено'
2022.06.07 13:57:23 Чуркин Андрей Геннадьевич изменил статус разрешения № 449 на 'Утверждено'
2022.06.07 13:57:27 Чуркин Андрей Геннадьевич изменил статус разрешения № 456 на 'Утверждено'
2022.06.07 13:57:31 Чуркин Андрей Геннадьевич изменил статус разрешения № 447 на 'Утверждено'
2022.06.07 13:57:37 Чуркин Андрей Геннадьевич изменил статус разрешения № 448 на 'Утверждено'
2022.06.07 13:57:42 Чуркин Андрей Геннадьевич изменил статус разрешения № 455 на 'Утверждено'
2022.06.07 13:57:47 Чуркин Андрей Геннадьевич вышел из системы  
2022.06.07 13:57:56 Михеев Богдан Александрович авторизовался в системе  
2022.06.07 15:27:05 Михеев Богдан Александрович изменил статус разрешения № 462 на 'Требуется маскирование'
2022.06.07 15:27:19 Михеев Богдан Александрович изменил статус разрешения № 455 на 'Маскирование не требуется'
2022.06.07 15:27:24 Михеев Богдан Александрович изменил статус разрешения № 455 на 'Открыто'
2022.06.07 15:27:33 Михеев Богдан Александрович изменил статус разрешения № 455 на 'Приостановлено'
2022.06.07 15:27:41 Михеев Богдан Александрович изменил статус разрешения № 448 на 'Открыто'
2022.06.07 15:27:53 Михеев Богдан Александрович изменил статус разрешения № 448 на 'Требуется маскирование'
2022.06.07 15:28:20 Михеев Богдан Александрович изменил статус разрешения № 455 на 'Работы начаты'
2022.06.07 15:28:29 Михеев Богдан Александрович изменил статус разрешения № 455 на 'Работы закончены'
2022.06.07 15:42:04 Михеев Богдан Александрович изменил статус разрешения № 447 на 'Открыто'
2022.06.07 15:42:14 Михеев Богдан Александрович изменил статус разрешения № 447 на 'Работы начаты'
2022.06.07 15:42:21 Михеев Богдан Александрович изменил статус разрешения № 447 на 'Маскирование не требуется'
2022.06.07 15:42:27 Михеев Богдан Александрович изменил статус разрешения № 447 на 'Закрыто'
2022.06.07 15:42:37 Михеев Богдан Александрович изменил статус разрешения № 447 на 'Работы закончены'
2022.06.07 15:42:48 Михеев Богдан Александрович изменил статус разрешения № 447 на 'Завершено'
2022.06.07 15:42:57 Михеев Богдан Александрович изменил статус разрешения № 447 на 'Закрыто'
2022.06.07 15:43:02 Михеев Богдан Александрович изменил статус разрешения № 447 на 'Завершено'
2022.06.07 15:43:17 Михеев Богдан Александрович изменил статус разрешения № 449 на 'Открыто'
2022.06.07 15:43:24 Михеев Богдан Александрович изменил статус разрешения № 461 на 'Требуется маскирование'
2022.06.07 15:43:29 Михеев Богдан Александрович изменил статус разрешения № 460 на 'Требуется маскирование'
2022.06.07 15:43:56 Михеев Богдан Александрович изменил статус разрешения № 459 на 'Маскирование не требуется'
2022.06.07 15:44:06 Михеев Богдан Александрович изменил статус разрешения № 459 на 'Работы начаты'
2022.06.07 15:44:25 Михеев Богдан Александрович изменил статус разрешения № 453 на 'Требуется маскирование'
2022.06.07 15:44:32 Михеев Богдан Александрович изменил статус разрешения № 454 на 'Требуется маскирование'
2022.06.07 15:44:40 Михеев Богдан Александрович изменил статус разрешения № 452 на 'Маскирование не требуется'
2022.06.07 15:44:47 Михеев Богдан Александрович изменил статус разрешения № 444 на 'Маскирование не требуется'
2022.06.07 15:44:55 Михеев Богдан Александрович изменил статус разрешения № 456 на 'Открыто'
2022.06.07 15:45:00 Михеев Богдан Александрович изменил статус разрешения № 451 на 'Открыто'
2022.06.07 15:45:09 Михеев Богдан Александрович изменил статус разрешения № 458 на 'Открыто'
2022.06.07 15:45:13 Михеев Богдан Александрович изменил статус разрешения № 458 на 'Требуется маскирование'
2022.06.07 15:45:16 Михеев Богдан Александрович изменил статус разрешения № 451 на 'Маскирование не требуется'
2022.06.07 15:45:23 Михеев Богдан Александрович изменил статус разрешения № 451 на 'Работы начаты'
2022.06.07 15:45:28 Михеев Богдан Александрович изменил статус разрешения № 456 на 'Требуется маскирование'
2022.06.07 15:45:38 Михеев Богдан Александрович изменил статус разрешения № 449 на 'Требуется маскирование'
2022.06.07 15:45:43 Михеев Богдан Александрович вышел из системы  
2022.06.07 15:45:54 Дмитрий Чухломин Валерьевич авторизовался в системе  
2022.06.07 15:46:10 Дмитрий Чухломин Валерьевич изменил статус разрешения № 458 на 'Замаскировано'
2022.06.07 15:46:54 Дмитрий Чухломин Валерьевич изменил статус разрешения № 456 на 'Замаскировано'
2022.06.07 15:48:13 Дмитрий Чухломин Валерьевич изменил статус разрешения № 449 на 'Замаскировано'
2022.06.07 15:48:18 Дмитрий Чухломин Валерьевич изменил статус разрешения № 448 на 'Замаскировано'
2022.06.07 15:48:25 Дмитрий Чухломин Валерьевич изменил статус разрешения № 449 на 'Замаскировано'
2022.06.07 15:48:30 Дмитрий Чухломин Валерьевич изменил статус разрешения № 448 на 'Замаскировано'
2022.06.07 15:48:40 Дмитрий Чухломин Валерьевич изменил статус разрешения № 462 на 'Замаскировано'
2022.06.07 15:48:46 Дмитрий Чухломин Валерьевич изменил статус разрешения № 461 на 'Замаскировано'
2022.06.07 15:48:51 Дмитрий Чухломин Валерьевич изменил статус разрешения № 460 на 'Замаскировано'
2022.06.07 15:48:57 Дмитрий Чухломин Валерьевич изменил статус разрешения № 453 на 'Замаскировано'
2022.06.07 15:49:02 Дмитрий Чухломин Валерьевич изменил статус разрешения № 454 на 'Замаскировано'
2022.06.07 15:49:13 Дмитрий Чухломин Валерьевич вышел из системы  
2022.06.07 15:49:23 Дмитрий Игнетьев Дмитриевич авторизовался в системе  
2022.06.07 15:49:30 Дмитрий Игнетьев Дмитриевич изменил статус разрешения № 458 на 'Маскирование проверено'
2022.06.07 15:49:35 Дмитрий Игнетьев Дмитриевич изменил статус разрешения № 451 на 'Маскирование проверено'
2022.06.07 15:49:43 Дмитрий Игнетьев Дмитриевич изменил статус разрешения № 451 на 'Маскирование проверено'
2022.06.07 15:49:58 Дмитрий Игнетьев Дмитриевич изменил статус разрешения № 456 на 'Маскирование проверено'
2022.06.07 15:50:03 Дмитрий Игнетьев Дмитриевич изменил статус разрешения № 449 на 'Маскирование проверено'
2022.06.07 15:50:08 Дмитрий Игнетьев Дмитриевич изменил статус разрешения № 448 на 'Маскирование проверено'
2022.06.07 15:50:15 Дмитрий Игнетьев Дмитриевич изменил статус разрешения № 462 на 'Маскирование проверено'
2022.06.07 15:50:22 Дмитрий Игнетьев Дмитриевич изменил статус разрешения № 461 на 'Маскирование проверено'
2022.06.07 15:50:28 Дмитрий Игнетьев Дмитриевич изменил статус разрешения № 460 на 'Маскирование проверено'
2022.06.07 15:50:33 Дмитрий Игнетьев Дмитриевич изменил статус разрешения № 453 на 'Маскирование проверено'
2022.06.07 15:50:38 Дмитрий Игнетьев Дмитриевич изменил статус разрешения № 454 на 'Маскирование проверено'
2022.06.07 15:50:44 Дмитрий Игнетьев Дмитриевич вышел из системы  
2022.06.07 15:51:24 Михеев Богдан Александрович авторизовался в системе  
2022.06.07 15:51:31 Михеев Богдан Александрович изменил статус разрешения № 458 на 'Работы начаты'
2022.06.07 15:51:36 Михеев Богдан Александрович изменил статус разрешения № 456 на 'Работы начаты'
2022.06.07 15:52:02 Михеев Богдан Александрович изменил статус разрешения № 449 на 'Работы начаты'
2022.06.07 15:52:08 Михеев Богдан Александрович изменил статус разрешения № 448 на 'Работы начаты'
2022.06.07 15:52:17 Михеев Богдан Александрович изменил статус разрешения № 462 на 'Работы начаты'
2022.06.07 15:52:26 Михеев Богдан Александрович изменил статус разрешения № 461 на 'Работы начаты'
2022.06.07 15:52:33 Михеев Богдан Александрович изменил статус разрешения № 460 на 'Работы начаты'
2022.06.07 15:52:41 Михеев Богдан Александрович изменил статус разрешения № 453 на 'Работы начаты'
2022.06.07 15:52:49 Михеев Богдан Александрович изменил статус разрешения № 454 на 'Работы начаты'
2022.06.07 15:52:57 Михеев Богдан Александрович изменил статус разрешения № 444 на 'Работы начаты'
2022.06.07 15:53:47 Михеев Богдан Александрович изменил статус разрешения № 452 на 'Работы начаты'
2022.06.07 15:53:57 Михеев Богдан Александрович изменил статус разрешения № 450 на 'Маскирование не требуется'
2022.06.07 15:54:05 Михеев Богдан Александрович изменил статус разрешения № 450 на 'Работы начаты'
2022.06.07 16:09:59 Михеев Богдан Александрович изменил статус разрешения № 449 на 'Закрыто'
2022.06.07 16:10:05 Михеев Богдан Александрович изменил статус разрешения № 449 на 'Работы закончены'
2022.06.07 16:10:13 Михеев Богдан Александрович изменил статус разрешения № 449 на 'Требуется демаскирование'
2022.06.07 16:10:31 Михеев Богдан Александрович изменил статус разрешения № 455 на 'Открыто'
2022.06.07 16:10:51 Михеев Богдан Александрович изменил статус разрешения № 455 на 'Работы начаты'
2022.06.07 16:10:56 Михеев Богдан Александрович изменил статус разрешения № 455 на 'Маскирование не требуется'
2022.06.07 16:11:01 Михеев Богдан Александрович изменил статус разрешения № 455 на 'Приостановлено'
2022.06.07 16:11:07 Михеев Богдан Александрович изменил статус разрешения № 455 на 'Работы закончены'
2022.06.07 16:11:19 Михеев Богдан Александрович изменил статус разрешения № 451 на 'Закрыто'
2022.06.07 16:11:31 Михеев Богдан Александрович изменил статус разрешения № 458 на 'Требуется демаскирование'
2022.06.07 16:11:40 Михеев Богдан Александрович изменил статус разрешения № 458 на 'Работы закончены'
2022.06.07 16:11:49 Михеев Богдан Александрович изменил статус разрешения № 462 на 'Работы закончены'
2022.06.07 16:11:55 Михеев Богдан Александрович изменил статус разрешения № 462 на 'Требуется демаскирование'
2022.06.07 16:12:04 Михеев Богдан Александрович изменил статус разрешения № 461 на 'Работы закончены'
2022.06.07 16:12:10 Михеев Богдан Александрович изменил статус разрешения № 461 на 'Требуется демаскирование'
2022.06.07 16:12:19 Михеев Богдан Александрович изменил статус разрешения № 460 на 'Работы закончены'
2022.06.07 16:12:26 Михеев Богдан Александрович изменил статус разрешения № 460 на 'Требуется демаскирование'
2022.06.07 16:12:35 Михеев Богдан Александрович изменил статус разрешения № 459 на 'Работы закончены'
2022.06.07 16:12:48 Михеев Богдан Александрович изменил статус разрешения № 459 на 'Приостановлено'
2022.06.07 16:12:57 Михеев Богдан Александрович изменил статус разрешения № 459 на 'Открыто'
2022.06.07 16:13:05 Михеев Богдан Александрович изменил статус разрешения № 459 на 'Работы начаты'
2022.06.07 16:13:09 Михеев Богдан Александрович изменил статус разрешения № 459 на 'Маскирование не требуется'
2022.06.07 16:13:26 Михеев Богдан Александрович изменил статус разрешения № 452 на 'Закрыто'
2022.06.07 16:13:32 Михеев Богдан Александрович изменил статус разрешения № 444 на 'Закрыто'
2022.06.07 16:13:37 Михеев Богдан Александрович изменил статус разрешения № 444 на 'Работы закончены'
2022.06.07 16:13:42 Михеев Богдан Александрович изменил статус разрешения № 452 на 'Работы закончены'
2022.06.07 16:13:54 Михеев Богдан Александрович изменил статус разрешения № 453 на 'Требуется демаскирование'
2022.06.07 16:14:02 Михеев Богдан Александрович изменил статус разрешения № 453 на 'Работы закончены'
2022.06.07 16:14:08 Михеев Богдан Александрович изменил статус разрешения № 454 на 'Требуется демаскирование'
2022.06.07 16:14:14 Михеев Богдан Александрович изменил статус разрешения № 454 на 'Работы закончены'
2022.06.07 16:14:19 Михеев Богдан Александрович изменил статус разрешения № 444 на 'Завершено'
2022.06.07 16:14:22 Михеев Богдан Александрович изменил статус разрешения № 452 на 'Завершено'
2022.06.07 16:16:46 Михеев Богдан Александрович изменил статус разрешения № 451 на 'Завершено'
2022.06.07 16:17:32 Михеев Богдан Александрович вышел из системы  
2022.06.07 16:17:44 Дмитрий Чухломин Валерьевич авторизовался в системе  
2022.06.07 16:17:53 Дмитрий Чухломин Валерьевич изменил статус разрешения № 449 на 'Задемаскировано'
2022.06.07 16:18:01 Дмитрий Чухломин Валерьевич изменил статус разрешения № 458 на 'Задемаскировано'
2022.06.07 16:18:08 Дмитрий Чухломин Валерьевич изменил статус разрешения № 462 на 'Задемаскировано'
2022.06.07 16:18:13 Дмитрий Чухломин Валерьевич изменил статус разрешения № 461 на 'Задемаскировано'
2022.06.07 16:18:19 Дмитрий Чухломин Валерьевич изменил статус разрешения № 460 на 'Задемаскировано'
2022.06.07 16:18:26 Дмитрий Чухломин Валерьевич изменил статус разрешения № 453 на 'Задемаскировано'
2022.06.07 16:18:32 Дмитрий Чухломин Валерьевич изменил статус разрешения № 454 на 'Задемаскировано'
2022.06.07 16:18:36 Дмитрий Чухломин Валерьевич вышел из системы  
2022.06.07 16:18:45 Дмитрий Игнетьев Дмитриевич авторизовался в системе  
2022.06.07 16:19:03 Дмитрий Игнетьев Дмитриевич изменил статус разрешения № 449 на 'Демаскирование проверно'
2022.06.07 16:19:11 Дмитрий Игнетьев Дмитриевич изменил статус разрешения № 458 на 'Демаскирование проверно'
2022.06.07 16:19:18 Дмитрий Игнетьев Дмитриевич изменил статус разрешения № 462 на 'Демаскирование проверно'
2022.06.07 16:19:25 Дмитрий Игнетьев Дмитриевич изменил статус разрешения № 461 на 'Демаскирование проверно'
2022.06.07 16:19:30 Дмитрий Игнетьев Дмитриевич изменил статус разрешения № 460 на 'Демаскирование проверно'
2022.06.07 16:19:36 Дмитрий Игнетьев Дмитриевич изменил статус разрешения № 453 на 'Демаскирование проверно'
2022.06.07 16:19:42 Дмитрий Игнетьев Дмитриевич изменил статус разрешения № 454 на 'Демаскирование проверно'
2022.06.07 16:19:50 Дмитрий Игнетьев Дмитриевич вышел из системы  
2022.06.07 16:20:00 Михеев Богдан Александрович авторизовался в системе  
2022.06.07 16:20:09 Михеев Богдан Александрович изменил статус разрешения № 458 на 'Закрыто'
2022.06.07 16:20:23 Михеев Богдан Александрович изменил статус разрешения № 462 на 'Закрыто'
2022.06.07 16:20:32 Михеев Богдан Александрович изменил статус разрешения № 461 на 'Закрыто'
2022.06.07 16:20:37 Михеев Богдан Александрович изменил статус разрешения № 460 на 'Закрыто'
2022.06.07 16:20:45 Михеев Богдан Александрович изменил статус разрешения № 453 на 'Закрыто'
2022.06.07 16:21:01 Михеев Богдан Александрович изменил статус разрешения № 454 на 'Закрыто'
2022.06.07 16:21:19 Михеев Богдан Александрович изменил статус разрешения № 450 на 'Закрыто'
2022.06.07 16:21:22 Михеев Богдан Александрович изменил статус разрешения № 450 на 'Завершено'
2022.06.07 16:21:25 Михеев Богдан Александрович изменил статус разрешения № 454 на 'Завершено'
2022.06.07 16:21:27 Михеев Богдан Александрович изменил статус разрешения № 453 на 'Завершено'
2022.06.07 16:21:30 Михеев Богдан Александрович изменил статус разрешения № 460 на 'Завершено'
2022.06.07 16:21:32 Михеев Богдан Александрович изменил статус разрешения № 461 на 'Завершено'
2022.06.07 16:21:35 Михеев Богдан Александрович изменил статус разрешения № 462 на 'Завершено'
2022.06.07 16:21:38 Михеев Богдан Александрович изменил статус разрешения № 458 на 'Завершено'
2022.06.07 16:25:49 Михеев Богдан Александрович изменил статус разрешения № 450 на 'Закрыто'
2022.06.07 16:25:52 Михеев Богдан Александрович изменил статус разрешения № 451 на 'Закрыто'
2022.06.07 16:26:00 Михеев Богдан Александрович изменил статус разрешения № 451 на 'Работы закончены'
2022.06.07 16:26:13 Михеев Богдан Александрович изменил статус разрешения № 451 на 'Приостановлено'
2022.06.07 16:26:19 Михеев Богдан Александрович изменил статус разрешения № 451 на 'Открыто'
2022.06.07 16:26:24 Михеев Богдан Александрович изменил статус разрешения № 451 на 'Работы начаты'
2022.06.07 16:26:31 Михеев Богдан Александрович изменил статус разрешения № 450 на 'Работы закончены'
2022.06.07 16:26:34 Михеев Богдан Александрович изменил статус разрешения № 450 на 'Завершено'
2022.06.07 16:55:20 Михеев Богдан Александрович вышел из системы  
2022.06.07 16:55:29 Чуркин Андрей Геннадьевич авторизовался в системе  
2022.06.07 17:12:54 Чуркин Андрей Геннадьевич вышел из системы  
2022.06.07 17:13:02 Чуркин Андрей Геннадьевич авторизовался в системе  
2022.06.07 17:13:05 Чуркин Андрей Геннадьевич создал разрешение №466 
2022.06.07 17:13:18 Чуркин Андрей Геннадьевич изменил статус разрешения № 466 на 'Согласование'
2022.06.07 17:13:22 Чуркин Андрей Геннадьевич изменил статус разрешения № 466 на 'Утверждено'
2022.06.07 17:13:24 Чуркин Андрей Геннадьевич вышел из системы  
2022.06.07 17:13:39 Михеев Богдан Александрович авторизовался в системе  
2022.06.07 17:13:45 Михеев Богдан Александрович изменил статус разрешения № 466 на 'Закрыто'
2022.06.07 17:13:48 Михеев Богдан Александрович изменил статус разрешения № 466 на 'Завершено'
2022.06.07 17:15:06 Михеев Богдан Александрович вышел из системы  
2022.06.07 17:16:29 Чуркин Андрей Геннадьевич авторизовался в системе  
2022.06.07 17:16:34 Чуркин Андрей Геннадьевич создал разрешение №467 
2022.06.07 17:16:38 Чуркин Андрей Геннадьевич изменил статус разрешения № 467 на 'Согласование'
2022.06.07 17:16:42 Чуркин Андрей Геннадьевич изменил статус разрешения № 467 на 'Утверждено'
2022.06.07 17:17:11 Чуркин Андрей Геннадьевич вышел из системы  
2022.06.07 17:17:18 Михеев Богдан Александрович авторизовался в системе  
2022.06.07 17:17:40 Михеев Богдан Александрович изменил статус разрешения № 467 на 'Закрыто'
2022.06.07 17:17:44 Михеев Богдан Александрович изменил статус разрешения № 467 на 'Завершено'
2022.06.07 17:25:12 Михеев Богдан Александрович вышел из системы  
2022.06.07 17:25:22 Чуркин Андрей Геннадьевич авторизовался в системе  
2022.06.07 17:25:26 Чуркин Андрей Геннадьевич создал разрешение №468 
2022.06.07 17:25:32 Чуркин Андрей Геннадьевич изменил статус разрешения № 468 на 'Согласование'
2022.06.07 17:25:40 Чуркин Андрей Геннадьевич изменил статус разрешения № 468 на 'Создание'
2022.06.07 17:26:23 Чуркин Андрей Геннадьевич удалил разрешение №468 
2022.06.07 17:26:27 Чуркин Андрей Геннадьевич создал разрешение №469 
2022.06.07 17:26:45 Чуркин Андрей Геннадьевич изменил статус разрешения № 469 на 'Согласование'
2022.06.07 17:26:49 Чуркин Андрей Геннадьевич изменил статус разрешения № 469 на 'Утверждено'
2022.06.07 17:27:03 Чуркин Андрей Геннадьевич вышел из системы  
2022.06.07 17:27:10 Михеев Богдан Александрович авторизовался в системе  
2022.06.07 17:27:45 Михеев Богдан Александрович изменил статус разрешения № 469 на 'Закрыто'
2022.06.07 17:27:47 Михеев Богдан Александрович изменил статус разрешения № 469 на 'Завершено'
2022.06.07 17:32:38 Михеев Богдан Александрович вышел из системы  
2022.06.07 17:33:08 Чуркин Андрей Геннадьевич авторизовался в системе  
2022.06.07 17:33:25 Чуркин Андрей Геннадьевич вышел из системы  
2022.06.07 17:33:58 Чуркин Андрей Геннадьевич авторизовался в системе  
2022.06.07 17:34:11 Чуркин Андрей Геннадьевич создал разрешение №470 
2022.06.07 17:34:29 Чуркин Андрей Геннадьевич изменил статус разрешения № 470 на 'Согласование'
2022.06.07 17:34:33 Чуркин Андрей Геннадьевич изменил статус разрешения № 470 на 'Утверждено'
2022.06.07 17:36:10 Чуркин Андрей Геннадьевич изменил статус разрешения № 470 на 'Согласование'
2022.06.07 17:36:11 Чуркин Андрей Геннадьевич изменил статус разрешения № 470 на 'Создание'
2022.06.07 17:36:33 Чуркин Андрей Геннадьевич изменил статус разрешения № 470 на 'Согласование'
2022.06.07 17:36:43 Чуркин Андрей Геннадьевич изменил статус разрешения № 470 на 'Утверждено'
2022.06.07 17:36:58 Чуркин Андрей Геннадьевич создал разрешение №471 
2022.06.07 17:37:05 Чуркин Андрей Геннадьевич изменил статус разрешения № 471 на 'Согласование'
2022.06.07 17:37:15 Чуркин Андрей Геннадьевич изменил статус разрешения № 471 на 'Утверждено'
2022.06.07 18:03:06 Чуркин Андрей Геннадьевич создал разрешение №472 
2022.06.07 18:17:28 Чуркин Андрей Геннадьевич вышел из системы  
2022.06.07 18:17:38 Михеев Богдан Александрович авторизовался в системе  
2022.06.07 18:17:50 Михеев Богдан Александрович вышел из системы  
2022.06.07 18:18:13 Чуркин Андрей Геннадьевич авторизовался в системе  
2022.06.07 23:53:48 Чуркин Андрей Геннадьевич создал разрешение №473 
2022.06.07 23:59:30 Чуркин Андрей Геннадьевич выгрузил в pdf разрешение №470 
2022.06.08 00:02:10 Чуркин Андрей Геннадьевич выгрузил в pdf разрешение №471 
2022.06.08 15:09:15 Чуркин Андрей Геннадьевич авторизовался в системе  
2022.06.08 15:09:53 Чуркин Андрей Геннадьевич выгрузил в pdf разрешение №459 
2022.06.08 15:10:09 Чуркин Андрей Геннадьевич создал разрешение №474 
2022.06.08 17:39:57 Чуркин Андрей Геннадьевич вышел из системы  
2022.06.08 17:40:06 Михеев Богдан Александрович авторизовался в системе  
2022.06.08 17:40:29 Михеев Богдан Александрович изменил статус разрешения № 448 на 'Приостановлено'
2022.06.09 01:52:21 Чуркин Андрей Геннадьевич авторизовался в системе  
2022.06.09 01:52:40 Чуркин Андрей Геннадьевич вышел из системы  
2022.06.09 01:52:58 Михеев Богдан Александрович авторизовался в системе  
2022.06.09 01:53:12 Михеев Богдан Александрович изменил статус разрешения № 448 на 'Закрыто'
2022.06.09 01:53:23 Михеев Богдан Александрович вышел из системы  
2022.06.09 01:53:32 Чуркин Андрей Геннадьевич авторизовался в системе  
2022.06.09 01:53:36 Чуркин Андрей Геннадьевич создал разрешение №475 
2022.06.09 01:54:53 Чуркин Андрей Геннадьевич изменил статус разрешения № 474 на 'Согласование'
2022.06.09 01:54:57 Чуркин Андрей Геннадьевич изменил статус разрешения № 473 на 'Согласование'
2022.06.09 01:55:00 Чуркин Андрей Геннадьевич изменил статус разрешения № 472 на 'Согласование'
2022.06.09 01:55:07 Чуркин Андрей Геннадьевич изменил статус разрешения № 473 на 'Создание'
2022.06.09 01:55:09 Чуркин Андрей Геннадьевич изменил статус разрешения № 472 на 'Создание'
2022.06.09 01:55:14 Чуркин Андрей Геннадьевич изменил статус разрешения № 474 на 'Создание'
2022.06.09 01:57:07 Чуркин Андрей Геннадьевич изменил статус разрешения № 474 на 'Согласование'
2022.06.09 01:57:09 Чуркин Андрей Геннадьевич изменил статус разрешения № 472 на 'Согласование'
2022.06.09 01:57:12 Чуркин Андрей Геннадьевич изменил статус разрешения № 473 на 'Согласование'
2022.06.09 01:57:14 Чуркин Андрей Геннадьевич изменил статус разрешения № 475 на 'Согласование'
2022.06.09 01:57:18 Чуркин Андрей Геннадьевич изменил статус разрешения № 471 на 'Согласование'
2022.06.09 01:57:21 Чуркин Андрей Геннадьевич изменил статус разрешения № 470 на 'Согласование'
2022.06.09 01:57:24 Чуркин Андрей Геннадьевич изменил статус разрешения № 463 на 'Согласование'
2022.06.09 01:57:32 Чуркин Андрей Геннадьевич изменил статус разрешения № 443 на 'Создание'
2022.06.09 01:57:35 Чуркин Андрей Геннадьевич изменил статус разрешения № 443 на 'Согласование'
2022.06.09 01:57:41 Чуркин Андрей Геннадьевич вышел из системы  
2022.06.09 01:57:54 Михеев Богдан Александрович авторизовался в системе  
2022.06.09 01:58:05 Михеев Богдан Александрович вышел из системы  
2022.06.09 01:58:14 Чуркин Андрей Геннадьевич авторизовался в системе  
2022.06.09 01:58:22 Чуркин Андрей Геннадьевич изменил статус разрешения № 463 на 'Создание'
2022.06.09 01:58:28 Чуркин Андрей Геннадьевич изменил статус разрешения № 470 на 'Создание'
2022.06.09 01:58:34 Чуркин Андрей Геннадьевич изменил статус разрешения № 471 на 'Создание'
2022.06.09 01:58:48 Чуркин Андрей Геннадьевич изменил статус разрешения № 471 на 'Согласование'
2022.06.09 01:59:01 Чуркин Андрей Геннадьевич изменил статус разрешения № 470 на 'Согласование'
2022.06.09 01:59:15 Чуркин Андрей Геннадьевич изменил статус разрешения № 463 на 'Согласование'
2022.06.09 01:59:18 Чуркин Андрей Геннадьевич вышел из системы  
2022.06.09 01:59:27 Михеев Богдан Александрович авторизовался в системе  
2022.06.09 01:59:41 Михеев Богдан Александрович вышел из системы  
2022.06.09 01:59:58 Чуркин Андрей Геннадьевич авторизовался в системе  
2022.06.09 02:00:14 Чуркин Андрей Геннадьевич создал разрешение №476 
2022.06.09 02:01:35 Чуркин Андрей Геннадьевич изменил статус разрешения № 476 на 'Согласование'
2022.06.09 02:01:40 Чуркин Андрей Геннадьевич выгрузил в pdf разрешение №476 
2022.06.09 02:02:04 Чуркин Андрей Геннадьевич изменил статус разрешения № 476 на 'Утверждено'
2022.06.09 02:02:07 Чуркин Андрей Геннадьевич вышел из системы  
2022.06.09 02:02:19 Михеев Богдан Александрович авторизовался в системе  
2022.06.09 02:03:41 Михеев Богдан Александрович выгрузил в scv разрешения №476 №463 №470 №471 №443 №475 №473 №472 №474 №448 №449  
2022.06.09 02:05:14 Михеев Богдан Александрович изменил статус разрешения № 476 на 'Открыто'
2022.06.09 02:05:23 Михеев Богдан Александрович изменил статус разрешения № 476 на 'Работы начаты'
2022.06.09 02:05:28 Михеев Богдан Александрович изменил статус разрешения № 476 на 'Маскирование не требуется'
2022.06.09 02:05:42 Михеев Богдан Александрович изменил статус разрешения № 476 на 'Работы закончены'
2022.06.09 02:05:51 Михеев Богдан Александрович изменил статус разрешения № 476 на 'Закрыто'
2022.06.09 02:05:57 Михеев Богдан Александрович изменил статус разрешения № 476 на 'Завершено'
2022.06.09 02:16:03 Михеев Богдан Александрович вышел из системы  
2022.06.09 02:17:17 Чуркин Андрей Геннадьевич авторизовался в системе  
2022.06.09 02:17:20 Чуркин Андрей Геннадьевич создал разрешение №477 
2022.06.09 02:17:30 Чуркин Андрей Геннадьевич удалил разрешение №477 
2022.06.09 02:17:31 Чуркин Андрей Геннадьевич вышел из системы  
2022.06.09 02:17:50 Чуркин Андрей Геннадьевич авторизовался в системе  
2022.06.09 02:17:52 Чуркин Андрей Геннадьевич создал разрешение №478 
2022.06.09 02:19:33 Чуркин Андрей Геннадьевич изменил статус разрешения № 478 на 'Согласование'
2022.06.09 02:19:39 Чуркин Андрей Геннадьевич выгрузил в pdf разрешение №478 
2022.06.09 02:20:02 Чуркин Андрей Геннадьевич изменил статус разрешения № 478 на 'Утверждено'
2022.06.09 02:20:10 Чуркин Андрей Геннадьевич вышел из системы  
2022.06.09 02:20:19 Михеев Богдан Александрович авторизовался в системе  
2022.06.09 02:20:23 Михеев Богдан Александрович изменил статус разрешения № 478 на 'Открыто'
2022.06.09 02:20:28 Михеев Богдан Александрович изменил статус разрешения № 478 на 'Работы начаты'
2022.06.09 02:20:32 Михеев Богдан Александрович изменил статус разрешения № 478 на 'Маскирование не требуется'
2022.06.09 02:20:40 Михеев Богдан Александрович изменил статус разрешения № 478 на 'Работы закончены'
2022.06.09 02:21:30 Михеев Богдан Александрович изменил статус разрешения № 478 на 'Закрыто'
2022.06.09 02:21:32 Михеев Богдан Александрович изменил статус разрешения № 478 на 'Завершено'
2022.06.09 02:21:35 Михеев Богдан Александрович вышел из системы  
2022.06.09 02:22:10 Чуркин Андрей Геннадьевич авторизовался в системе  
2022.06.09 02:22:12 Чуркин Андрей Геннадьевич создал разрешение №479 
2022.06.09 02:23:11 Чуркин Андрей Геннадьевич изменил статус разрешения № 479 на 'Согласование'
2022.06.09 02:23:14 Чуркин Андрей Геннадьевич выгрузил в pdf разрешение №479 
2022.06.09 02:23:28 Чуркин Андрей Геннадьевич изменил статус разрешения № 479 на 'Утверждено'
2022.06.09 02:23:38 Чуркин Андрей Геннадьевич вышел из системы  
2022.06.09 02:23:45 Михеев Богдан Александрович авторизовался в системе  
2022.06.09 02:23:48 Михеев Богдан Александрович изменил статус разрешения № 479 на 'Открыто'
2022.06.09 02:23:52 Михеев Богдан Александрович изменил статус разрешения № 479 на 'Маскирование не требуется'
2022.06.09 02:23:56 Михеев Богдан Александрович изменил статус разрешения № 479 на 'Работы начаты'
2022.06.09 02:24:03 Михеев Богдан Александрович изменил статус разрешения № 479 на 'Работы закончены'
2022.06.09 02:24:09 Михеев Богдан Александрович изменил статус разрешения № 479 на 'Закрыто'
2022.06.09 02:24:13 Михеев Богдан Александрович изменил статус разрешения № 479 на 'Завершено'
2022.06.09 02:25:14 Михеев Богдан Александрович вышел из системы  
2022.06.09 02:25:30 Чуркин Андрей Геннадьевич авторизовался в системе  
2022.06.09 02:25:33 Чуркин Андрей Геннадьевич создал разрешение №480 
2022.06.09 02:26:34 Чуркин Андрей Геннадьевич вышел из системы  
2022.06.09 02:26:48 Чуркин Андрей Геннадьевич авторизовался в системе  
2022.06.09 02:26:56 Чуркин Андрей Геннадьевич авторизовался в системе  
2022.06.09 02:26:58 Чуркин Андрей Геннадьевич удалил разрешение №480 
2022.06.09 02:27:00 Чуркин Андрей Геннадьевич вышел из системы  
2022.06.09 02:27:15 Чуркин Андрей Геннадьевич авторизовался в системе  
2022.06.09 02:27:17 Чуркин Андрей Геннадьевич создал разрешение №481 
2022.06.09 02:28:12 Чуркин Андрей Геннадьевич изменил статус разрешения № 481 на 'Согласование'
2022.06.09 02:28:15 Чуркин Андрей Геннадьевич выгрузил в pdf разрешение №481 
2022.06.09 02:28:25 Чуркин Андрей Геннадьевич изменил статус разрешения № 481 на 'Утверждено'
2022.06.09 02:28:34 Чуркин Андрей Геннадьевич вышел из системы  
2022.06.09 02:28:42 Михеев Богдан Александрович авторизовался в системе  
2022.06.09 02:28:48 Михеев Богдан Александрович изменил статус разрешения № 481 на 'Открыто'
2022.06.09 02:28:52 Михеев Богдан Александрович изменил статус разрешения № 481 на 'Работы начаты'
2022.06.09 02:28:55 Михеев Богдан Александрович изменил статус разрешения № 481 на 'Маскирование не требуется'
2022.06.09 02:29:01 Михеев Богдан Александрович изменил статус разрешения № 481 на 'Работы закончены'
2022.06.09 02:29:04 Михеев Богдан Александрович изменил статус разрешения № 481 на 'Закрыто'
2022.06.09 02:29:07 Михеев Богдан Александрович изменил статус разрешения № 481 на 'Завершено'
2022.06.09 02:36:12 Михеев Богдан Александрович вышел из системы  
2022.06.09 02:36:28 Чуркин Андрей Геннадьевич авторизовался в системе  
2022.06.09 02:36:33 Чуркин Андрей Геннадьевич создал разрешение №482 
2022.06.09 02:36:54 Чуркин Андрей Геннадьевич удалил разрешение №482 
2022.06.09 02:36:56 Чуркин Андрей Геннадьевич вышел из системы  
2022.06.09 02:37:10 Чуркин Андрей Геннадьевич авторизовался в системе  
2022.06.09 02:37:13 Чуркин Андрей Геннадьевич создал разрешение №483 
2022.06.09 02:38:04 Чуркин Андрей Геннадьевич удалил разрешение №483 
2022.06.09 02:38:07 Чуркин Андрей Геннадьевич вышел из системы  
2022.06.09 02:38:54 Чуркин Андрей Геннадьевич авторизовался в системе  
2022.06.09 02:38:56 Чуркин Андрей Геннадьевич вышел из системы  
2022.06.09 02:39:05 Чуркин Андрей Геннадьевич авторизовался в системе  
2022.06.09 02:39:08 Чуркин Андрей Геннадьевич создал разрешение №484 
2022.06.09 02:40:04 Чуркин Андрей Геннадьевич изменил статус разрешения № 484 на 'Согласование'
2022.06.09 02:40:08 Чуркин Андрей Геннадьевич выгрузил в pdf разрешение №484 
2022.06.09 02:40:29 Чуркин Андрей Геннадьевич изменил статус разрешения № 484 на 'Утверждено'
2022.06.09 02:40:39 Чуркин Андрей Геннадьевич вышел из системы  
2022.06.09 02:40:48 Михеев Богдан Александрович авторизовался в системе  
2022.06.09 02:40:52 Михеев Богдан Александрович изменил статус разрешения № 484 на 'Открыто'
2022.06.09 02:40:57 Михеев Богдан Александрович изменил статус разрешения № 484 на 'Работы начаты'
2022.06.09 02:41:00 Михеев Богдан Александрович изменил статус разрешения № 484 на 'Маскирование не требуется'
2022.06.09 02:41:05 Михеев Богдан Александрович изменил статус разрешения № 484 на 'Работы закончены'
2022.06.09 02:41:09 Михеев Богдан Александрович изменил статус разрешения № 484 на 'Закрыто'
2022.06.09 02:41:12 Михеев Богдан Александрович изменил статус разрешения № 484 на 'Завершено'
2022.06.09 02:53:54 Михеев Богдан Александрович вышел из системы  
2022.06.09 02:54:09 Чуркин Андрей Геннадьевич авторизовался в системе  
2022.06.09 02:54:11 Чуркин Андрей Геннадьевич создал разрешение №485 
2022.06.09 11:46:51 Чуркин Андрей Геннадьевич авторизовался в системе  
2022.06.11 17:11:30 Михеев Богдан Александрович авторизовался в системе  
2022.06.11 17:11:32 Михеев Богдан Александрович выгрузил в scv разрешения №443 №448 №449  
2022.06.12 16:07:46 Чуркин Андрей Геннадьевич авторизовался в системе  
2022.06.12 16:53:48 Чуркин Андрей Геннадьевич создал разрешение №486 
2022.06.12 16:55:30 Чуркин Андрей Геннадьевич удалил разрешение №486 
2022.06.12 16:55:32 Чуркин Андрей Геннадьевич создал разрешение №487 
2022.06.12 18:08:04 Чуркин Андрей Геннадьевич выгрузил в pdf разрешение №487 
2022.06.12 20:46:16 Чуркин Андрей Геннадьевич изменил статус разрешения № 487 на 'Согласование'
2022.06.12 20:46:20 Чуркин Андрей Геннадьевич изменил статус разрешения № 487 на 'Утверждено'
2022.06.12 20:47:33 Чуркин Андрей Геннадьевич изменил статус разрешения № 487 на 'Согласование'
2022.06.12 20:47:36 Чуркин Андрей Геннадьевич изменил статус разрешения № 487 на 'Создание'
2022.06.12 20:47:57 Чуркин Андрей Геннадьевич изменил статус разрешения № 487 на 'Согласование'
2022.06.12 20:48:00 Чуркин Андрей Геннадьевич изменил статус разрешения № 487 на 'Создание'
2022.06.12 20:48:04 Чуркин Андрей Геннадьевич изменил статус разрешения № 487 на 'Согласование'
2022.06.12 20:48:08 Чуркин Андрей Геннадьевич изменил статус разрешения № 487 на 'Утверждено'
2022.06.12 21:03:08 Чуркин Андрей Геннадьевич вышел из системы  
2022.06.12 21:03:16 Михеев Богдан Александрович авторизовался в системе  
2022.06.12 21:15:21 Михеев Богдан Александрович изменил статус разрешения № 487 на 'Открыто'
2022.06.12 21:18:03 Михеев Богдан Александрович изменил статус разрешения № 487 на 'Приостановлено'
2022.06.12 21:46:21 Михеев Богдан Александрович вышел из системы  
2022.06.12 21:46:37 Чуркин Андрей Геннадьевич авторизовался в системе  
2022.06.12 21:46:45 Чуркин Андрей Геннадьевич создал разрешение №488 
2022.06.12 21:46:50 Чуркин Андрей Геннадьевич изменил статус разрешения № 488 на 'Согласование'
2022.06.12 21:46:54 Чуркин Андрей Геннадьевич изменил статус разрешения № 488 на 'Утверждено'
2022.06.12 21:47:11 Чуркин Андрей Геннадьевич вышел из системы  
2022.06.12 21:47:19 Михеев Богдан Александрович авторизовался в системе  
2022.06.12 21:47:34 Михеев Богдан Александрович вышел из системы  
2022.06.12 21:47:42 Чуркин Андрей Геннадьевич авторизовался в системе  
2022.06.12 21:47:51 Чуркин Андрей Геннадьевич изменил статус разрешения № 488 на 'Согласование'
2022.06.12 21:47:55 Чуркин Андрей Геннадьевич создал разрешение №489 
2022.06.12 21:48:01 Чуркин Андрей Геннадьевич изменил статус разрешения № 489 на 'Согласование'
2022.06.12 21:48:06 Чуркин Андрей Геннадьевич изменил статус разрешения № 489 на 'Утверждено'
2022.06.12 21:48:10 Чуркин Андрей Геннадьевич изменил статус разрешения № 488 на 'Создание'
2022.06.12 21:48:32 Чуркин Андрей Геннадьевич удалил разрешение №488 
2022.06.12 21:48:50 Чуркин Андрей Геннадьевич изменил статус разрешения № 489 на 'Согласование'
2022.06.12 21:51:43 Чуркин Андрей Геннадьевич изменил статус разрешения № 489 на 'Создание'
2022.06.12 21:51:52 Чуркин Андрей Геннадьевич удалил разрешение №489 
2022.06.12 21:51:55 Чуркин Андрей Геннадьевич создал разрешение №490 
2022.06.12 21:52:01 Чуркин Андрей Геннадьевич изменил статус разрешения № 490 на 'Согласование'
2022.06.12 21:52:06 Чуркин Андрей Геннадьевич изменил статус разрешения № 490 на 'Утверждено'
2022.06.12 21:52:24 Чуркин Андрей Геннадьевич вышел из системы  
2022.06.12 21:52:32 Михеев Богдан Александрович авторизовался в системе  
2022.06.12 21:56:00 Михеев Богдан Александрович изменил статус разрешения № 490 на 'Открыто'
2022.06.12 21:56:34 Михеев Богдан Александрович изменил статус разрешения № 490 на 'Приостановлено'
2022.06.12 22:03:24 Михеев Богдан Александрович изменил статус разрешения № 490 на 'Закрыто'
2022.06.12 22:05:35 Михеев Богдан Александрович изменил статус разрешения № 490 на 'Завершено'
2022.06.12 22:05:37 Михеев Богдан Александрович вышел из системы  
2022.06.12 22:05:50 Чуркин Андрей Геннадьевич авторизовался в системе  
2022.06.12 22:06:00 Чуркин Андрей Геннадьевич авторизовался в системе  
2022.06.12 22:06:12 Чуркин Андрей Геннадьевич создал разрешение №491 
2022.06.12 22:06:34 Чуркин Андрей Геннадьевич изменил статус разрешения № 491 на 'Согласование'
2022.06.12 22:06:37 Чуркин Андрей Геннадьевич изменил статус разрешения № 491 на 'Утверждено'
2022.06.12 22:06:54 Чуркин Андрей Геннадьевич вышел из системы  
2022.06.12 22:07:03 Михеев Богдан Александрович авторизовался в системе  
2022.06.12 22:08:10 Михеев Богдан Александрович изменил статус разрешения № 491 на 'Открыто'
2022.06.12 22:08:52 Михеев Богдан Александрович изменил статус разрешения № 491 на 'Приостановлено'
2022.06.12 22:10:03 Михеев Богдан Александрович изменил статус разрешения № 491 на 'Закрыто'
2022.06.12 22:38:51 Михеев Богдан Александрович изменил статус разрешения № 491 на 'Приостановлено'
2022.06.12 22:39:27 Михеев Богдан Александрович изменил статус разрешения № 491 на 'Закрыто'
2022.06.12 22:45:32 Михеев Богдан Александрович выгрузил в scv разрешения №491 №487 №443 №448 №449  
2022.06.13 00:47:14 Михеев Богдан Александрович вышел из системы  
2022.06.13 00:47:24 Чуркин Андрей Геннадьевич авторизовался в системе  
2022.06.13 00:47:28 Чуркин Андрей Геннадьевич создал разрешение №492 
2022.06.13 00:48:11 Чуркин Андрей Геннадьевич изменил статус разрешения № 492 на 'Согласование'
2022.06.13 00:48:16 Чуркин Андрей Геннадьевич изменил статус разрешения № 492 на 'Утверждено'
2022.06.13 00:48:31 Чуркин Андрей Геннадьевич вышел из системы  
2022.06.13 00:48:44 Михеев Богдан Александрович авторизовался в системе  
2022.06.13 18:59:43 Чуркин Андрей Геннадьевич авторизовался в системе  
